Paper 2 scientific-output integrity passed: 10 manifests, 110 files.
.github/workflows/paper2-linux-portability.yml: OK
.gitignore: OK
.python-version: OK
LICENSE: OK
README.md: OK
THIRD_PARTY_NOTICES.md: OK
VERSION: OK
analysis_tools/analyze_paper2_external_mapping_sensitivity.py: OK
analysis_tools/analyze_paper2_major_revision_diagnostics.py: OK
analysis_tools/audit_paper2_channel_error_boundary.py: OK
analysis_tools/audit_paper2_dt4dds_sequence_detectability.py: OK
analysis_tools/audit_paper2_pcr_sequence_independence.py: OK
analysis_tools/audit_paper2_source_external_independence.py: OK
analysis_tools/benchmark_paper2_reversible_choice_codec.py: OK
analysis_tools/build_paper2_public_release.py: OK
analysis_tools/download_paper2_public_inputs.py: OK
analysis_tools/finalize_paper2_output_manifests.py: OK
analysis_tools/hairpin_risk_features.py: OK
analysis_tools/make_paper2_assay_calibrated_selection_figure.py: OK
analysis_tools/make_submission_figures.py: OK
analysis_tools/paper2_deterministic_selection.py: OK
analysis_tools/plot_paper2_reversible_choice_codec.py: OK
analysis_tools/validate_paper2_assay_calibrated_selection.py: OK
analysis_tools/validate_paper2_public_experimental_data.py: OK
analysis_tools/validate_paper2_reversible_choice_codec.py: OK
analysis_tools/validate_paper2_sota_external_uncertainty.py: OK
analysis_tools/verify_paper2_bioinformatics_choice_consistency.py: OK
analysis_tools/verify_paper2_environment.py: OK
analysis_tools/verify_paper2_output_manifests.py: OK
data/paper2_assay_calibrated_selection_figure_source_data.tsv: OK
papers/paper2_thermodynamic_risk_coding/.gitignore: OK
papers/paper2_thermodynamic_risk_coding/.python-version: OK
papers/paper2_thermodynamic_risk_coding/LICENSE: OK
papers/paper2_thermodynamic_risk_coding/README.md: OK
papers/paper2_thermodynamic_risk_coding/THIRD_PARTY_NOTICES.md: OK
papers/paper2_thermodynamic_risk_coding/VERSION: OK
papers/paper2_thermodynamic_risk_coding/bioinformatics_reframe/AI_ASSISTANCE_PROVENANCE_RECORD_20260722.md: OK
papers/paper2_thermodynamic_risk_coding/bioinformatics_reframe/AUTHOR_LED_FINAL_TEXT_VERIFICATION_20260722.md: OK
papers/paper2_thermodynamic_risk_coding/bioinformatics_reframe/BIOINFORMATICS_AUTHOR_CONTROLLED_FIELDS_20260722.md: OK
papers/paper2_thermodynamic_risk_coding/bioinformatics_reframe/BIOINFORMATICS_COVER_LETTER_20260722.md: OK
papers/paper2_thermodynamic_risk_coding/bioinformatics_reframe/GROUPED_BOOTSTRAP_CORRECTION_AUDIT_20260722.md: OK
papers/paper2_thermodynamic_risk_coding/bioinformatics_reframe/LOCKED_EXTERNAL_VALIDATION_PROTOCOL_20260718.md: OK
papers/paper2_thermodynamic_risk_coding/bioinformatics_reframe/MANUSCRIPT_CONSISTENCY_AUDIT.md: OK
papers/paper2_thermodynamic_risk_coding/bioinformatics_reframe/OUP_PAGE_PREFLIGHT_20260722.md: OK
papers/paper2_thermodynamic_risk_coding/bioinformatics_reframe/PAPER2_SUBMISSION_PREFLIGHT_CHANGE_INDEX_20260722.tsv: OK
papers/paper2_thermodynamic_risk_coding/bioinformatics_reframe/PAPER2_SUBMISSION_PREFLIGHT_RESPONSE_20260722.md: OK
papers/paper2_thermodynamic_risk_coding/bioinformatics_reframe/PDF_VISUAL_QC_20260722.md: OK
papers/paper2_thermodynamic_risk_coding/bioinformatics_reframe/PRE_SUBMISSION_COMPLETION_REPORT_20260722.md: OK
papers/paper2_thermodynamic_risk_coding/bioinformatics_reframe/PYTHON_31210_MIGRATION_COMPARISON_20260723.tsv: OK
papers/paper2_thermodynamic_risk_coding/bioinformatics_reframe/PYTHON_31210_PORTABILITY_AUDIT_20260723.md: OK
papers/paper2_thermodynamic_risk_coding/bioinformatics_reframe/REFERENCE_VERIFICATION_REPORT_20260722.md: OK
papers/paper2_thermodynamic_risk_coding/bioinformatics_reframe/ZENODO_DEPOSIT_METADATA_20260722.md: OK
papers/paper2_thermodynamic_risk_coding/bioinformatics_reframe/assay_calibrated_selection/analysis_summary.md: OK
papers/paper2_thermodynamic_risk_coding/bioinformatics_reframe/assay_calibrated_selection/calibration_coefficient_summary.tsv: OK
papers/paper2_thermodynamic_risk_coding/bioinformatics_reframe/assay_calibrated_selection/calibration_coefficients.tsv: OK
papers/paper2_thermodynamic_risk_coding/bioinformatics_reframe/assay_calibrated_selection/environment_and_seeds.json: OK
papers/paper2_thermodynamic_risk_coding/bioinformatics_reframe/assay_calibrated_selection/prediction_metrics.tsv: OK
papers/paper2_thermodynamic_risk_coding/bioinformatics_reframe/assay_calibrated_selection/selection_metrics.tsv: OK
papers/paper2_thermodynamic_risk_coding/bioinformatics_reframe/assay_calibrated_selection/selection_model_comparisons.tsv: OK
papers/paper2_thermodynamic_risk_coding/bioinformatics_reframe/assay_calibrated_selection/sequence_level_predictions.tsv: OK
papers/paper2_thermodynamic_risk_coding/bioinformatics_reframe/assay_calibrated_selection/sha256_manifest.tsv: OK
papers/paper2_thermodynamic_risk_coding/bioinformatics_reframe/assay_calibrated_selection/source_provenance.json: OK
papers/paper2_thermodynamic_risk_coding/bioinformatics_reframe/channel_error_boundary/analysis_summary.md: OK
papers/paper2_thermodynamic_risk_coding/bioinformatics_reframe/channel_error_boundary/channel_error_audit_contract.tsv: OK
papers/paper2_thermodynamic_risk_coding/bioinformatics_reframe/channel_error_boundary/crc16_reference_vectors.tsv: OK
papers/paper2_thermodynamic_risk_coding/bioinformatics_reframe/channel_error_boundary/emitted_crc16_codewords.tsv: OK
papers/paper2_thermodynamic_risk_coding/bioinformatics_reframe/channel_error_boundary/environment_and_seeds.json: OK
papers/paper2_thermodynamic_risk_coding/bioinformatics_reframe/channel_error_boundary/sha256_manifest.tsv: OK
papers/paper2_thermodynamic_risk_coding/bioinformatics_reframe/channel_error_boundary/single_edit_outcomes.tsv: OK
papers/paper2_thermodynamic_risk_coding/bioinformatics_reframe/channel_error_boundary/single_edit_summary.tsv: OK
papers/paper2_thermodynamic_risk_coding/bioinformatics_reframe/external_mapping_sensitivity/analysis_summary.md: OK
papers/paper2_thermodynamic_risk_coding/bioinformatics_reframe/external_mapping_sensitivity/environment_and_seeds.json: OK
papers/paper2_thermodynamic_risk_coding/bioinformatics_reframe/external_mapping_sensitivity/external_kapa_mapping_inputs.tsv: OK
papers/paper2_thermodynamic_risk_coding/bioinformatics_reframe/external_mapping_sensitivity/external_kapa_mapping_sensitivity.tsv: OK
papers/paper2_thermodynamic_risk_coding/bioinformatics_reframe/external_mapping_sensitivity/external_kapa_mapping_sensitivity_summary.tsv: OK
papers/paper2_thermodynamic_risk_coding/bioinformatics_reframe/external_mapping_sensitivity/primary_mapping_reproduction_check.tsv: OK
papers/paper2_thermodynamic_risk_coding/bioinformatics_reframe/external_mapping_sensitivity/sha256_manifest.tsv: OK
papers/paper2_thermodynamic_risk_coding/bioinformatics_reframe/major_revision_diagnostics/analysis_summary.md: OK
papers/paper2_thermodynamic_risk_coding/bioinformatics_reframe/major_revision_diagnostics/dataset_partition_and_evidence_table.tsv: OK
papers/paper2_thermodynamic_risk_coding/bioinformatics_reframe/major_revision_diagnostics/decoder_failure_behavior.tsv: OK
papers/paper2_thermodynamic_risk_coding/bioinformatics_reframe/major_revision_diagnostics/environment_and_seeds.json: OK
papers/paper2_thermodynamic_risk_coding/bioinformatics_reframe/major_revision_diagnostics/evidence_hierarchy.tsv: OK
papers/paper2_thermodynamic_risk_coding/bioinformatics_reframe/major_revision_diagnostics/generated_rate_benefit.tsv: OK
papers/paper2_thermodynamic_risk_coding/bioinformatics_reframe/major_revision_diagnostics/leakage_scope.tsv: OK
papers/paper2_thermodynamic_risk_coding/bioinformatics_reframe/major_revision_diagnostics/mapping_sensitivity_diagnostics.tsv: OK
papers/paper2_thermodynamic_risk_coding/bioinformatics_reframe/major_revision_diagnostics/measured_negative_fiber_diagnostics.tsv: OK
papers/paper2_thermodynamic_risk_coding/bioinformatics_reframe/major_revision_diagnostics/negative_fiber_feature_stratification.tsv: OK
papers/paper2_thermodynamic_risk_coding/bioinformatics_reframe/major_revision_diagnostics/negative_fiber_feature_summary.tsv: OK
papers/paper2_thermodynamic_risk_coding/bioinformatics_reframe/major_revision_diagnostics/score_determinism_audit.tsv: OK
papers/paper2_thermodynamic_risk_coding/bioinformatics_reframe/major_revision_diagnostics/score_margin_abstention_sensitivity.tsv: OK
papers/paper2_thermodynamic_risk_coding/bioinformatics_reframe/major_revision_diagnostics/sha256_manifest.tsv: OK
papers/paper2_thermodynamic_risk_coding/bioinformatics_reframe/public_experimental_validation/analysis_summary.md: OK
papers/paper2_thermodynamic_risk_coding/bioinformatics_reframe/public_experimental_validation/data_dictionary.tsv: OK
papers/paper2_thermodynamic_risk_coding/bioinformatics_reframe/public_experimental_validation/environment_and_seeds.json: OK
papers/paper2_thermodynamic_risk_coding/bioinformatics_reframe/public_experimental_validation/event_counts_and_gates.tsv: OK
papers/paper2_thermodynamic_risk_coding/bioinformatics_reframe/public_experimental_validation/model_comparisons.tsv: OK
papers/paper2_thermodynamic_risk_coding/bioinformatics_reframe/public_experimental_validation/model_metrics.tsv: OK
papers/paper2_thermodynamic_risk_coding/bioinformatics_reframe/public_experimental_validation/outer_fold_coefficients.tsv: OK
papers/paper2_thermodynamic_risk_coding/bioinformatics_reframe/public_experimental_validation/pcr_sequence_features.tsv: OK
papers/paper2_thermodynamic_risk_coding/bioinformatics_reframe/public_experimental_validation/pickle_audit.json: OK
papers/paper2_thermodynamic_risk_coding/bioinformatics_reframe/public_experimental_validation/sha256_manifest.tsv: OK
papers/paper2_thermodynamic_risk_coding/bioinformatics_reframe/public_experimental_validation/source_manifest.tsv: OK
papers/paper2_thermodynamic_risk_coding/bioinformatics_reframe/reversible_choice_codec/analysis_summary.md: OK
papers/paper2_thermodynamic_risk_coding/bioinformatics_reframe/reversible_choice_codec/base_language_summary.tsv: OK
papers/paper2_thermodynamic_risk_coding/bioinformatics_reframe/reversible_choice_codec/environment_and_seeds.json: OK
papers/paper2_thermodynamic_risk_coding/bioinformatics_reframe/reversible_choice_codec/frozen_model_coefficients.tsv: OK
papers/paper2_thermodynamic_risk_coding/bioinformatics_reframe/reversible_choice_codec/generated_feature_overlap.tsv: OK
papers/paper2_thermodynamic_risk_coding/bioinformatics_reframe/reversible_choice_codec/generated_fiber_results.tsv: OK
papers/paper2_thermodynamic_risk_coding/bioinformatics_reframe/reversible_choice_codec/generated_mapping_namespace_sensitivity.tsv: OK
papers/paper2_thermodynamic_risk_coding/bioinformatics_reframe/reversible_choice_codec/generated_mapping_namespace_sensitivity_summary.tsv: OK
papers/paper2_thermodynamic_risk_coding/bioinformatics_reframe/reversible_choice_codec/generated_positional_nucleotide_frequencies.tsv: OK
papers/paper2_thermodynamic_risk_coding/bioinformatics_reframe/reversible_choice_codec/generated_roundtrip_summary.tsv: OK
papers/paper2_thermodynamic_risk_coding/bioinformatics_reframe/reversible_choice_codec/generated_selected_samples.tsv: OK
papers/paper2_thermodynamic_risk_coding/bioinformatics_reframe/reversible_choice_codec/generated_terminal_nucleotide_frequencies.tsv: OK
papers/paper2_thermodynamic_risk_coding/bioinformatics_reframe/reversible_choice_codec/public_fiber_model_comparisons.tsv: OK
papers/paper2_thermodynamic_risk_coding/bioinformatics_reframe/reversible_choice_codec/public_fiber_results.tsv: OK
papers/paper2_thermodynamic_risk_coding/bioinformatics_reframe/reversible_choice_codec/public_fiber_roundtrip.tsv: OK
papers/paper2_thermodynamic_risk_coding/bioinformatics_reframe/reversible_choice_codec/public_fiber_selected_samples.tsv: OK
papers/paper2_thermodynamic_risk_coding/bioinformatics_reframe/reversible_choice_codec/public_seed_sensitivity.tsv: OK
papers/paper2_thermodynamic_risk_coding/bioinformatics_reframe/reversible_choice_codec/public_seed_sensitivity_summary.tsv: OK
papers/paper2_thermodynamic_risk_coding/bioinformatics_reframe/reversible_choice_codec/sha256_manifest.tsv: OK
papers/paper2_thermodynamic_risk_coding/bioinformatics_reframe/reversible_choice_codec/source_provenance.json: OK
papers/paper2_thermodynamic_risk_coding/bioinformatics_reframe/reversible_choice_codec/threshold_rejection_baseline.tsv: OK
papers/paper2_thermodynamic_risk_coding/bioinformatics_reframe/runtime_benchmark/analysis_summary.md: OK
papers/paper2_thermodynamic_risk_coding/bioinformatics_reframe/runtime_benchmark/environment.json: OK
papers/paper2_thermodynamic_risk_coding/bioinformatics_reframe/runtime_benchmark/runtime_replicates.tsv: OK
papers/paper2_thermodynamic_risk_coding/bioinformatics_reframe/runtime_benchmark/runtime_summary.tsv: OK
papers/paper2_thermodynamic_risk_coding/bioinformatics_reframe/runtime_benchmark/sha256_manifest.tsv: OK
papers/paper2_thermodynamic_risk_coding/bioinformatics_reframe/sequence_independence_audit/analysis_summary.md: OK
papers/paper2_thermodynamic_risk_coding/bioinformatics_reframe/sequence_independence_audit/cross_pool_independence_summary.tsv: OK
papers/paper2_thermodynamic_risk_coding/bioinformatics_reframe/sequence_independence_audit/environment.json: OK
papers/paper2_thermodynamic_risk_coding/bioinformatics_reframe/sequence_independence_audit/nearest_cross_pool_distance_distribution.tsv: OK
papers/paper2_thermodynamic_risk_coding/bioinformatics_reframe/sequence_independence_audit/sha256_manifest.tsv: OK
papers/paper2_thermodynamic_risk_coding/bioinformatics_reframe/sota_and_external_validation/analysis_summary.md: OK
papers/paper2_thermodynamic_risk_coding/bioinformatics_reframe/sota_and_external_validation/endpoint_matched_low_efficiency_pairwise.tsv: OK
papers/paper2_thermodynamic_risk_coding/bioinformatics_reframe/sota_and_external_validation/endpoint_matched_low_efficiency_summary.tsv: OK
papers/paper2_thermodynamic_risk_coding/bioinformatics_reframe/sota_and_external_validation/environment_and_seeds.json: OK
papers/paper2_thermodynamic_risk_coding/bioinformatics_reframe/sota_and_external_validation/external_locked_library_features.tsv: OK
papers/paper2_thermodynamic_risk_coding/bioinformatics_reframe/sota_and_external_validation/external_q5_locked_library_features.tsv: OK
papers/paper2_thermodynamic_risk_coding/bioinformatics_reframe/sota_and_external_validation/fiber_benchmark_summary.tsv: OK
papers/paper2_thermodynamic_risk_coding/bioinformatics_reframe/sota_and_external_validation/fiber_gain_distributions.tsv: OK
papers/paper2_thermodynamic_risk_coding/bioinformatics_reframe/sota_and_external_validation/fixed_model_pairwise_comparisons.tsv: OK
papers/paper2_thermodynamic_risk_coding/bioinformatics_reframe/sota_and_external_validation/fixed_model_randomization_tests.tsv: OK
papers/paper2_thermodynamic_risk_coding/bioinformatics_reframe/sota_and_external_validation/input_join_audit.tsv: OK
papers/paper2_thermodynamic_risk_coding/bioinformatics_reframe/sota_and_external_validation/input_manifest.tsv: OK
papers/paper2_thermodynamic_risk_coding/bioinformatics_reframe/sota_and_external_validation/sha256_manifest.tsv: OK
papers/paper2_thermodynamic_risk_coding/bioinformatics_reframe/sota_and_external_validation/smoke/analysis_summary.md: OK
papers/paper2_thermodynamic_risk_coding/bioinformatics_reframe/sota_and_external_validation/smoke/endpoint_matched_low_efficiency_pairwise.tsv: OK
papers/paper2_thermodynamic_risk_coding/bioinformatics_reframe/sota_and_external_validation/smoke/endpoint_matched_low_efficiency_summary.tsv: OK
papers/paper2_thermodynamic_risk_coding/bioinformatics_reframe/sota_and_external_validation/smoke/environment_and_seeds.json: OK
papers/paper2_thermodynamic_risk_coding/bioinformatics_reframe/sota_and_external_validation/smoke/external_locked_library_features.tsv: OK
papers/paper2_thermodynamic_risk_coding/bioinformatics_reframe/sota_and_external_validation/smoke/external_q5_locked_library_features.tsv: OK
papers/paper2_thermodynamic_risk_coding/bioinformatics_reframe/sota_and_external_validation/smoke/fiber_benchmark_summary.tsv: OK
papers/paper2_thermodynamic_risk_coding/bioinformatics_reframe/sota_and_external_validation/smoke/fiber_gain_distributions.tsv: OK
papers/paper2_thermodynamic_risk_coding/bioinformatics_reframe/sota_and_external_validation/smoke/fixed_model_pairwise_comparisons.tsv: OK
papers/paper2_thermodynamic_risk_coding/bioinformatics_reframe/sota_and_external_validation/smoke/fixed_model_randomization_tests.tsv: OK
papers/paper2_thermodynamic_risk_coding/bioinformatics_reframe/sota_and_external_validation/smoke/input_join_audit.tsv: OK
papers/paper2_thermodynamic_risk_coding/bioinformatics_reframe/sota_and_external_validation/smoke/input_manifest.tsv: OK
papers/paper2_thermodynamic_risk_coding/bioinformatics_reframe/sota_and_external_validation/smoke/sha256_manifest.tsv: OK
papers/paper2_thermodynamic_risk_coding/bioinformatics_reframe/sota_and_external_validation/smoke/source_model_coefficients.tsv: OK
papers/paper2_thermodynamic_risk_coding/bioinformatics_reframe/sota_and_external_validation/smoke/source_provenance.json: OK
papers/paper2_thermodynamic_risk_coding/bioinformatics_reframe/sota_and_external_validation/smoke/two_stage_bootstrap_replicates.tsv: OK
papers/paper2_thermodynamic_risk_coding/bioinformatics_reframe/sota_and_external_validation/smoke/two_stage_bootstrap_summary.tsv: OK
papers/paper2_thermodynamic_risk_coding/bioinformatics_reframe/sota_and_external_validation/source_model_coefficients.tsv: OK
papers/paper2_thermodynamic_risk_coding/bioinformatics_reframe/sota_and_external_validation/source_provenance.json: OK
papers/paper2_thermodynamic_risk_coding/bioinformatics_reframe/sota_and_external_validation/two_stage_bootstrap_replicates.tsv: OK
papers/paper2_thermodynamic_risk_coding/bioinformatics_reframe/sota_and_external_validation/two_stage_bootstrap_summary.tsv: OK
papers/paper2_thermodynamic_risk_coding/bioinformatics_reframe/source_external_independence_audit/adapter_reconstruction_contract.tsv: OK
papers/paper2_thermodynamic_risk_coding/bioinformatics_reframe/source_external_independence_audit/analysis_summary.md: OK
papers/paper2_thermodynamic_risk_coding/bioinformatics_reframe/source_external_independence_audit/environment.json: OK
papers/paper2_thermodynamic_risk_coding/bioinformatics_reframe/source_external_independence_audit/nearest_source_external_distance_distribution.tsv: OK
papers/paper2_thermodynamic_risk_coding/bioinformatics_reframe/source_external_independence_audit/sha256_manifest.tsv: OK
papers/paper2_thermodynamic_risk_coding/bioinformatics_reframe/source_external_independence_audit/source_external_independence_summary.tsv: OK
papers/paper2_thermodynamic_risk_coding/build/main.pdf: OK
papers/paper2_thermodynamic_risk_coding/build/supplementary_codec_evidence.pdf: OK
papers/paper2_thermodynamic_risk_coding/compile_manuscript.sh: OK
papers/paper2_thermodynamic_risk_coding/examples/minimal_choice_codec.py: OK
papers/paper2_thermodynamic_risk_coding/figures/assay_calibrated_selection.pdf: OK
papers/paper2_thermodynamic_risk_coding/figures/assay_calibrated_selection.png: OK
papers/paper2_thermodynamic_risk_coding/figures/assay_calibrated_selection.svg: OK
papers/paper2_thermodynamic_risk_coding/figures/paired_two_stage_sensitivity.pdf: OK
papers/paper2_thermodynamic_risk_coding/figures/paired_two_stage_sensitivity.png: OK
papers/paper2_thermodynamic_risk_coding/figures/paired_two_stage_sensitivity.svg: OK
papers/paper2_thermodynamic_risk_coding/figures/paired_two_stage_sensitivity_source_data.tsv: OK
papers/paper2_thermodynamic_risk_coding/figures/reversible_choice_codec.pdf: OK
papers/paper2_thermodynamic_risk_coding/figures/reversible_choice_codec.png: OK
papers/paper2_thermodynamic_risk_coding/figures/reversible_choice_codec.svg: OK
papers/paper2_thermodynamic_risk_coding/figures/reversible_choice_codec_source_data.tsv: OK
papers/paper2_thermodynamic_risk_coding/main.tex: OK
papers/paper2_thermodynamic_risk_coding/oup_preflight/build/main_oup_preflight.pdf: OK
papers/paper2_thermodynamic_risk_coding/oup_preflight/main_oup_preflight.tex: OK
papers/paper2_thermodynamic_risk_coding/paper2_repro_common.sh: OK
papers/paper2_thermodynamic_risk_coding/references.bib: OK
papers/paper2_thermodynamic_risk_coding/reproduce_analysis.sh: OK
papers/paper2_thermodynamic_risk_coding/reproduce_bioinformatics_choice_study.sh: OK
papers/paper2_thermodynamic_risk_coding/reproduce_figures.sh: OK
papers/paper2_thermodynamic_risk_coding/reproduce_from_frozen_outputs.sh: OK
papers/paper2_thermodynamic_risk_coding/reproduce_from_public_inputs.sh: OK
papers/paper2_thermodynamic_risk_coding/requirements.txt: OK
papers/paper2_thermodynamic_risk_coding/run_full_audit.sh: OK
papers/paper2_thermodynamic_risk_coding/supplementary_codec_evidence.tex: OK
papers/paper2_thermodynamic_risk_coding/tests/data/paper2_score_quantization_vectors.tsv: OK
papers/paper2_thermodynamic_risk_coding/tests/test_paper2_channel_error_boundary.py: OK
papers/paper2_thermodynamic_risk_coding/tests/test_paper2_consistency_log_contract.py: OK
papers/paper2_thermodynamic_risk_coding/tests/test_paper2_deterministic_selection.py: OK
papers/paper2_thermodynamic_risk_coding/tests/test_paper2_environment_contract.py: OK
papers/paper2_thermodynamic_risk_coding/tests/test_paper2_grouped_bootstrap.py: OK
papers/paper2_thermodynamic_risk_coding/tests/test_paper2_release_hygiene.py: OK
papers/paper2_thermodynamic_risk_coding/verify_contracts.sh: OK
papers/paper2_thermodynamic_risk_coding/verify_file_integrity.sh: OK
papers/paper2_thermodynamic_risk_coding/verify_integrity.sh: OK
requirements.txt: OK
Paper 2 root SHA-256 and release-hygiene checks passed.
Paper 2 integrity verification passed (files).
