Rc files read:
  NONE
Latexmk: This is Latexmk, John Collins, 31 Jan. 2024. Version 4.83.
No existing .aux file, so I'll make a simple one, and require run of *latex.
Latexmk: applying rule 'pdflatex'...
Rule 'pdflatex':  Reasons for rerun
Category 'other':
  Rerun of 'pdflatex' forced or previously required:
    Reason or flag: 'Initial setup'

------------
Run number 1 of rule 'pdflatex'
------------
------------
Running 'pdflatex  -interaction=nonstopmode -halt-on-error -recorder -output-directory="build"  "main.tex"'
------------
This is pdfTeX, Version 3.141592653-2.6-1.40.25 (TeX Live 2023/Debian) (preloaded format=pdflatex)
 restricted \write18 enabled.
entering extended mode
(./main.tex
LaTeX2e <2023-11-01> patch level 1
L3 programming layer <2024-01-22>
(/usr/share/texlive/texmf-dist/tex/latex/base/article.cls
Document Class: article 2023/05/17 v1.4n Standard LaTeX document class
(/usr/share/texlive/texmf-dist/tex/latex/base/size10.clo))
(/usr/share/texlive/texmf-dist/tex/latex/geometry/geometry.sty
(/usr/share/texlive/texmf-dist/tex/latex/graphics/keyval.sty)
(/usr/share/texlive/texmf-dist/tex/generic/iftex/ifvtex.sty
(/usr/share/texlive/texmf-dist/tex/generic/iftex/iftex.sty)))
(/usr/share/texlive/texmf-dist/tex/latex/amsmath/amsmath.sty
For additional information on amsmath, use the `?' option.
(/usr/share/texlive/texmf-dist/tex/latex/amsmath/amstext.sty
(/usr/share/texlive/texmf-dist/tex/latex/amsmath/amsgen.sty))
(/usr/share/texlive/texmf-dist/tex/latex/amsmath/amsbsy.sty)
(/usr/share/texlive/texmf-dist/tex/latex/amsmath/amsopn.sty))
(/usr/share/texlive/texmf-dist/tex/latex/amsfonts/amssymb.sty
(/usr/share/texlive/texmf-dist/tex/latex/amsfonts/amsfonts.sty))
(/usr/share/texlive/texmf-dist/tex/latex/amscls/amsthm.sty)
(/usr/share/texlive/texmf-dist/tex/latex/tools/array.sty)
(/usr/share/texlive/texmf-dist/tex/latex/booktabs/booktabs.sty)
(/usr/share/texlive/texmf-dist/tex/latex/graphics/graphicx.sty
(/usr/share/texlive/texmf-dist/tex/latex/graphics/graphics.sty
(/usr/share/texlive/texmf-dist/tex/latex/graphics/trig.sty)
(/usr/share/texlive/texmf-dist/tex/latex/graphics-cfg/graphics.cfg)
(/usr/share/texlive/texmf-dist/tex/latex/graphics-def/pdftex.def)))
(/usr/share/texlive/texmf-dist/tex/latex/float/float.sty)
(/usr/share/texlive/texmf-dist/tex/latex/hyperref/hyperref.sty
(/usr/share/texlive/texmf-dist/tex/latex/kvsetkeys/kvsetkeys.sty)
(/usr/share/texlive/texmf-dist/tex/generic/kvdefinekeys/kvdefinekeys.sty)
(/usr/share/texlive/texmf-dist/tex/generic/pdfescape/pdfescape.sty
(/usr/share/texlive/texmf-dist/tex/generic/ltxcmds/ltxcmds.sty)
(/usr/share/texlive/texmf-dist/tex/generic/pdftexcmds/pdftexcmds.sty
(/usr/share/texlive/texmf-dist/tex/generic/infwarerr/infwarerr.sty)))
(/usr/share/texlive/texmf-dist/tex/latex/hycolor/hycolor.sty)
(/usr/share/texlive/texmf-dist/tex/latex/auxhook/auxhook.sty)
(/usr/share/texlive/texmf-dist/tex/latex/hyperref/nameref.sty
(/usr/share/texlive/texmf-dist/tex/latex/refcount/refcount.sty)
(/usr/share/texlive/texmf-dist/tex/generic/gettitlestring/gettitlestring.sty
(/usr/share/texlive/texmf-dist/tex/latex/kvoptions/kvoptions.sty)))
(/usr/share/texlive/texmf-dist/tex/latex/etoolbox/etoolbox.sty)
(/usr/share/texlive/texmf-dist/tex/latex/hyperref/pd1enc.def)
(/usr/share/texlive/texmf-dist/tex/generic/intcalc/intcalc.sty)
(/usr/share/texlive/texmf-dist/tex/latex/hyperref/puenc.def)
(/usr/share/texlive/texmf-dist/tex/latex/url/url.sty)
(/usr/share/texlive/texmf-dist/tex/generic/bitset/bitset.sty
(/usr/share/texlive/texmf-dist/tex/generic/bigintcalc/bigintcalc.sty))
(/usr/share/texlive/texmf-dist/tex/latex/base/atbegshi-ltx.sty))
(/usr/share/texlive/texmf-dist/tex/latex/hyperref/hpdftex.def
(/usr/share/texlive/texmf-dist/tex/latex/base/atveryend-ltx.sty)
(/usr/share/texlive/texmf-dist/tex/latex/rerunfilecheck/rerunfilecheck.sty
(/usr/share/texlive/texmf-dist/tex/generic/uniquecounter/uniquecounter.sty)))
(/usr/share/texlive/texmf-dist/tex/latex/l3backend/l3backend-pdftex.def)
(build/main.aux)
*geometry* driver: auto-detecting
*geometry* detected driver: pdftex
(/usr/share/texlive/texmf-dist/tex/context/base/mkii/supp-pdf.mkii
[Loading MPS to PDF converter (version 2006.09.02).]
) (/usr/share/texlive/texmf-dist/tex/latex/epstopdf-pkg/epstopdf-base.sty
(/usr/share/texlive/texmf-dist/tex/latex/latexconfig/epstopdf-sys.cfg))
(/usr/share/texlive/texmf-dist/tex/latex/amsfonts/umsa.fd)
(/usr/share/texlive/texmf-dist/tex/latex/amsfonts/umsb.fd)

LaTeX Warning: Citation `cover1973enumerative' on page 1 undefined on input lin
e 41.


LaTeX Warning: Citation `adler1983slidingblock' on page 1 undefined on input li
ne 41.


LaTeX Warning: Citation `wang2019bioconstrained' on page 1 undefined on input l
ine 41.


LaTeX Warning: Citation `immink2019balancedhomopolymer' on page 1 undefined on 
input line 41.


LaTeX Warning: Citation `welzel2023dnaaeon' on page 1 undefined on input line 4
1.


LaTeX Warning: Citation `ruan2026scone' on page 1 undefined on input line 41.


LaTeX Warning: Citation `erlich2017dnafountain' on page 1 undefined on input li
ne 41.


LaTeX Warning: Citation `zulkower2020dnachisel' on page 1 undefined on input li
ne 41.


LaTeX Warning: Citation `hammer2017rnablueprint' on page 1 undefined on input l
ine 41.


LaTeX Warning: Citation `forney1992trellisshaping' on page 1 undefined on input
 line 41.


LaTeX Warning: Citation `wu2022listccdm' on page 1 undefined on input line 41.


LaTeX Warning: Citation `gimpel2025pcrbias' on page 1 undefined on input line 4
3.

[1{/var/lib/texmf/fonts/map/pdftex/updmap/pdftex.map}]

LaTeX Warning: Citation `gimpel2025pcrbias' on page 2 undefined on input line 5
3.

[2] [3]

LaTeX Warning: Citation `gimpel2023digitaltwin' on page 4 undefined on input li
ne 141.


LaTeX Warning: Reference `fig:assay-selection' on page 4 undefined on input lin
e 147.

[4]

LaTeX Warning: Reference `fig:choice-codec' on page 5 undefined on input line 1
61.

[5 <./figures/assay_calibrated_selection.pdf>]

LaTeX Warning: Reference `fig:choice-codec' on page 6 undefined on input line 1
63.


LaTeX Warning: Reference `fig:choice-codec' on page 6 undefined on input line 1
67.


LaTeX Warning: Reference `fig:choice-codec' on page 6 undefined on input line 1
73.


LaTeX Warning: Reference `fig:choice-codec' on page 6 undefined on input line 1
75.


LaTeX Warning: Reference `fig:assay-selection' on page 6 undefined on input lin
e 185.


LaTeX Warning: Citation `cover1973enumerative' on page 6 undefined on input lin
e 189.


LaTeX Warning: Citation `erlich2017dnafountain' on page 6 undefined on input li
ne 189.


LaTeX Warning: Citation `forney1992trellisshaping' on page 6 undefined on input
 line 189.


LaTeX Warning: Citation `wu2022listccdm' on page 6 undefined on input line 189.


[6]

LaTeX Warning: Citation `gimpel2025pcrbias' on page 7 undefined on input line 2
05.


LaTeX Warning: Citation `gimpel2023digitaltwin' on page 7 undefined on input li
ne 205.

No file main.bbl.
[7] [8 <./figures/reversible_choice_codec.pdf>] (build/main.aux)

LaTeX Warning: There were undefined references.


LaTeX Warning: Label(s) may have changed. Rerun to get cross-references right.


Package rerunfilecheck Warning: File `main.out' has changed.
(rerunfilecheck)                Rerun to get outlines right
(rerunfilecheck)                or use package `bookmark'.

 )</usr/share/texlive/texmf-dist/fonts/type1/public/amsfonts/cm/cmbx10.pfb></us
r/share/texlive/texmf-dist/fonts/type1/public/amsfonts/cm/cmbx12.pfb></usr/shar
e/texlive/texmf-dist/fonts/type1/public/amsfonts/cm/cmbx9.pfb></usr/share/texli
ve/texmf-dist/fonts/type1/public/amsfonts/cm/cmex10.pfb></usr/share/texlive/tex
mf-dist/fonts/type1/public/amsfonts/cm/cmmi10.pfb></usr/share/texlive/texmf-dis
t/fonts/type1/public/amsfonts/cm/cmmi5.pfb></usr/share/texlive/texmf-dist/fonts
/type1/public/amsfonts/cm/cmmi6.pfb></usr/share/texlive/texmf-dist/fonts/type1/
public/amsfonts/cm/cmmi7.pfb></usr/share/texlive/texmf-dist/fonts/type1/public/
amsfonts/cm/cmmi9.pfb></usr/share/texlive/texmf-dist/fonts/type1/public/amsfont
s/cm/cmr10.pfb></usr/share/texlive/texmf-dist/fonts/type1/public/amsfonts/cm/cm
r17.pfb></usr/share/texlive/texmf-dist/fonts/type1/public/amsfonts/cm/cmr7.pfb>
</usr/share/texlive/texmf-dist/fonts/type1/public/amsfonts/cm/cmr9.pfb></usr/sh
are/texlive/texmf-dist/fonts/type1/public/amsfonts/cm/cmsy10.pfb></usr/share/te
xlive/texmf-dist/fonts/type1/public/amsfonts/cm/cmsy7.pfb></usr/share/texlive/t
exmf-dist/fonts/type1/public/amsfonts/cm/cmsy9.pfb></usr/share/texlive/texmf-di
st/fonts/type1/public/amsfonts/cm/cmti10.pfb></usr/share/texlive/texmf-dist/fon
ts/type1/public/amsfonts/cm/cmtt10.pfb></usr/share/texlive/texmf-dist/fonts/typ
e1/public/amsfonts/cm/cmtt9.pfb>
Output written on build/main.pdf (8 pages, 483688 bytes).
Transcript written on build/main.log.
Latexmk: Getting log file 'build/main.log'
Latexmk: Examining 'build/main.fls'
Latexmk: Examining 'build/main.log'
Latexmk: References changed.
Latexmk: References changed.
Latexmk: Log file says output to 'build/main.pdf'
Latexmk: Found bibliography file(s):
  ./references.bib
Latexmk: applying rule 'bibtex build/main'...
Rule 'bibtex build/main':  Reasons for rerun
Category 'other':
  Rerun of 'bibtex build/main' forced or previously required:
    Reason or flag: 'Initial set up of rule'

------------
Run number 1 of rule 'bibtex build/main'
------------
====== ENV{BIBINPUTS} changed to '$HOME/work/exact-reversible-choice-coding/exact-reversible-choice-coding/papers/paper2_thermodynamic_risk_coding:build:$HOME/work/exact-reversible-choice-coding/exact-reversible-choice-coding/papers/paper2_thermodynamic_risk_coding/build:'
Latexmk: Change directory to 'build/'.
To assist finding of files in document directory, I set
  BIBINPUTS='$HOME/work/exact-reversible-choice-coding/exact-reversible-choice-coding/papers/paper2_thermodynamic_risk_coding:build:$HOME/work/exact-reversible-choice-coding/exact-reversible-choice-coding/papers/paper2_thermodynamic_risk_coding/build:'
  BSTINPUTS='$HOME/work/exact-reversible-choice-coding/exact-reversible-choice-coding/papers/paper2_thermodynamic_risk_coding:'.
------------
Running 'bibtex  "main.aux"'
------------
This is BibTeX, Version 0.99d (TeX Live 2023/Debian)
The top-level auxiliary file: main.aux
The style file: plain.bst
Database file #1: references.bib
Latexmk: Change directory back to '$HOME/work/exact-reversible-choice-coding/exact-reversible-choice-coding/papers/paper2_thermodynamic_risk_coding'
Latexmk: applying rule 'pdflatex'...
Rule 'pdflatex':  Reasons for rerun
Changed files or newly in use/created:
  build/main.aux
  build/main.bbl
  build/main.out

------------
Run number 2 of rule 'pdflatex'
------------
------------
Running 'pdflatex  -interaction=nonstopmode -halt-on-error -recorder -output-directory="build"  "main.tex"'
------------
This is pdfTeX, Version 3.141592653-2.6-1.40.25 (TeX Live 2023/Debian) (preloaded format=pdflatex)
 restricted \write18 enabled.
entering extended mode
(./main.tex
LaTeX2e <2023-11-01> patch level 1
L3 programming layer <2024-01-22>
(/usr/share/texlive/texmf-dist/tex/latex/base/article.cls
Document Class: article 2023/05/17 v1.4n Standard LaTeX document class
(/usr/share/texlive/texmf-dist/tex/latex/base/size10.clo))
(/usr/share/texlive/texmf-dist/tex/latex/geometry/geometry.sty
(/usr/share/texlive/texmf-dist/tex/latex/graphics/keyval.sty)
(/usr/share/texlive/texmf-dist/tex/generic/iftex/ifvtex.sty
(/usr/share/texlive/texmf-dist/tex/generic/iftex/iftex.sty)))
(/usr/share/texlive/texmf-dist/tex/latex/amsmath/amsmath.sty
For additional information on amsmath, use the `?' option.
(/usr/share/texlive/texmf-dist/tex/latex/amsmath/amstext.sty
(/usr/share/texlive/texmf-dist/tex/latex/amsmath/amsgen.sty))
(/usr/share/texlive/texmf-dist/tex/latex/amsmath/amsbsy.sty)
(/usr/share/texlive/texmf-dist/tex/latex/amsmath/amsopn.sty))
(/usr/share/texlive/texmf-dist/tex/latex/amsfonts/amssymb.sty
(/usr/share/texlive/texmf-dist/tex/latex/amsfonts/amsfonts.sty))
(/usr/share/texlive/texmf-dist/tex/latex/amscls/amsthm.sty)
(/usr/share/texlive/texmf-dist/tex/latex/tools/array.sty)
(/usr/share/texlive/texmf-dist/tex/latex/booktabs/booktabs.sty)
(/usr/share/texlive/texmf-dist/tex/latex/graphics/graphicx.sty
(/usr/share/texlive/texmf-dist/tex/latex/graphics/graphics.sty
(/usr/share/texlive/texmf-dist/tex/latex/graphics/trig.sty)
(/usr/share/texlive/texmf-dist/tex/latex/graphics-cfg/graphics.cfg)
(/usr/share/texlive/texmf-dist/tex/latex/graphics-def/pdftex.def)))
(/usr/share/texlive/texmf-dist/tex/latex/float/float.sty)
(/usr/share/texlive/texmf-dist/tex/latex/hyperref/hyperref.sty
(/usr/share/texlive/texmf-dist/tex/latex/kvsetkeys/kvsetkeys.sty)
(/usr/share/texlive/texmf-dist/tex/generic/kvdefinekeys/kvdefinekeys.sty)
(/usr/share/texlive/texmf-dist/tex/generic/pdfescape/pdfescape.sty
(/usr/share/texlive/texmf-dist/tex/generic/ltxcmds/ltxcmds.sty)
(/usr/share/texlive/texmf-dist/tex/generic/pdftexcmds/pdftexcmds.sty
(/usr/share/texlive/texmf-dist/tex/generic/infwarerr/infwarerr.sty)))
(/usr/share/texlive/texmf-dist/tex/latex/hycolor/hycolor.sty)
(/usr/share/texlive/texmf-dist/tex/latex/auxhook/auxhook.sty)
(/usr/share/texlive/texmf-dist/tex/latex/hyperref/nameref.sty
(/usr/share/texlive/texmf-dist/tex/latex/refcount/refcount.sty)
(/usr/share/texlive/texmf-dist/tex/generic/gettitlestring/gettitlestring.sty
(/usr/share/texlive/texmf-dist/tex/latex/kvoptions/kvoptions.sty)))
(/usr/share/texlive/texmf-dist/tex/latex/etoolbox/etoolbox.sty)
(/usr/share/texlive/texmf-dist/tex/latex/hyperref/pd1enc.def)
(/usr/share/texlive/texmf-dist/tex/generic/intcalc/intcalc.sty)
(/usr/share/texlive/texmf-dist/tex/latex/hyperref/puenc.def)
(/usr/share/texlive/texmf-dist/tex/latex/url/url.sty)
(/usr/share/texlive/texmf-dist/tex/generic/bitset/bitset.sty
(/usr/share/texlive/texmf-dist/tex/generic/bigintcalc/bigintcalc.sty))
(/usr/share/texlive/texmf-dist/tex/latex/base/atbegshi-ltx.sty))
(/usr/share/texlive/texmf-dist/tex/latex/hyperref/hpdftex.def
(/usr/share/texlive/texmf-dist/tex/latex/base/atveryend-ltx.sty)
(/usr/share/texlive/texmf-dist/tex/latex/rerunfilecheck/rerunfilecheck.sty
(/usr/share/texlive/texmf-dist/tex/generic/uniquecounter/uniquecounter.sty)))
(/usr/share/texlive/texmf-dist/tex/latex/l3backend/l3backend-pdftex.def)
(build/main.aux)
*geometry* driver: auto-detecting
*geometry* detected driver: pdftex
(/usr/share/texlive/texmf-dist/tex/context/base/mkii/supp-pdf.mkii
[Loading MPS to PDF converter (version 2006.09.02).]
) (/usr/share/texlive/texmf-dist/tex/latex/epstopdf-pkg/epstopdf-base.sty
(/usr/share/texlive/texmf-dist/tex/latex/latexconfig/epstopdf-sys.cfg))
(build/main.out) (build/main.out)
(/usr/share/texlive/texmf-dist/tex/latex/amsfonts/umsa.fd)
(/usr/share/texlive/texmf-dist/tex/latex/amsfonts/umsb.fd)

LaTeX Warning: Citation `cover1973enumerative' on page 1 undefined on input lin
e 41.


LaTeX Warning: Citation `adler1983slidingblock' on page 1 undefined on input li
ne 41.


LaTeX Warning: Citation `wang2019bioconstrained' on page 1 undefined on input l
ine 41.


LaTeX Warning: Citation `immink2019balancedhomopolymer' on page 1 undefined on 
input line 41.


LaTeX Warning: Citation `welzel2023dnaaeon' on page 1 undefined on input line 4
1.


LaTeX Warning: Citation `ruan2026scone' on page 1 undefined on input line 41.


LaTeX Warning: Citation `erlich2017dnafountain' on page 1 undefined on input li
ne 41.


LaTeX Warning: Citation `zulkower2020dnachisel' on page 1 undefined on input li
ne 41.


LaTeX Warning: Citation `hammer2017rnablueprint' on page 1 undefined on input l
ine 41.


LaTeX Warning: Citation `forney1992trellisshaping' on page 1 undefined on input
 line 41.


LaTeX Warning: Citation `wu2022listccdm' on page 1 undefined on input line 41.


LaTeX Warning: Citation `gimpel2025pcrbias' on page 1 undefined on input line 4
3.

[1{/var/lib/texmf/fonts/map/pdftex/updmap/pdftex.map}]

LaTeX Warning: Citation `gimpel2025pcrbias' on page 2 undefined on input line 5
3.

[2] [3]

LaTeX Warning: Citation `gimpel2023digitaltwin' on page 4 undefined on input li
ne 141.

[4] [5 <./figures/assay_calibrated_selection.pdf>]

LaTeX Warning: Citation `cover1973enumerative' on page 6 undefined on input lin
e 189.


LaTeX Warning: Citation `erlich2017dnafountain' on page 6 undefined on input li
ne 189.


LaTeX Warning: Citation `forney1992trellisshaping' on page 6 undefined on input
 line 189.


LaTeX Warning: Citation `wu2022listccdm' on page 6 undefined on input line 189.


[6]

LaTeX Warning: Citation `gimpel2025pcrbias' on page 7 undefined on input line 2
05.


LaTeX Warning: Citation `gimpel2023digitaltwin' on page 7 undefined on input li
ne 205.

(build/main.bbl [7]) [8] [9 <./figures/reversible_choice_codec.pdf>]
(build/main.aux)

LaTeX Warning: There were undefined references.


LaTeX Warning: Label(s) may have changed. Rerun to get cross-references right.

 )</usr/share/texlive/texmf-dist/fonts/type1/public/amsfonts/cm/cmbx10.pfb></us
r/share/texlive/texmf-dist/fonts/type1/public/amsfonts/cm/cmbx12.pfb></usr/shar
e/texlive/texmf-dist/fonts/type1/public/amsfonts/cm/cmbx9.pfb></usr/share/texli
ve/texmf-dist/fonts/type1/public/amsfonts/cm/cmex10.pfb></usr/share/texlive/tex
mf-dist/fonts/type1/public/amsfonts/cm/cmmi10.pfb></usr/share/texlive/texmf-dis
t/fonts/type1/public/amsfonts/cm/cmmi5.pfb></usr/share/texlive/texmf-dist/fonts
/type1/public/amsfonts/cm/cmmi6.pfb></usr/share/texlive/texmf-dist/fonts/type1/
public/amsfonts/cm/cmmi7.pfb></usr/share/texlive/texmf-dist/fonts/type1/public/
amsfonts/cm/cmmi9.pfb></usr/share/texlive/texmf-dist/fonts/type1/public/amsfont
s/cm/cmr10.pfb></usr/share/texlive/texmf-dist/fonts/type1/public/amsfonts/cm/cm
r17.pfb></usr/share/texlive/texmf-dist/fonts/type1/public/amsfonts/cm/cmr7.pfb>
</usr/share/texlive/texmf-dist/fonts/type1/public/amsfonts/cm/cmr8.pfb></usr/sh
are/texlive/texmf-dist/fonts/type1/public/amsfonts/cm/cmr9.pfb></usr/share/texl
ive/texmf-dist/fonts/type1/public/amsfonts/cm/cmsy10.pfb></usr/share/texlive/te
xmf-dist/fonts/type1/public/amsfonts/cm/cmsy7.pfb></usr/share/texlive/texmf-dis
t/fonts/type1/public/amsfonts/cm/cmsy9.pfb></usr/share/texlive/texmf-dist/fonts
/type1/public/amsfonts/cm/cmti10.pfb></usr/share/texlive/texmf-dist/fonts/type1
/public/amsfonts/cm/cmti8.pfb></usr/share/texlive/texmf-dist/fonts/type1/public
/amsfonts/cm/cmtt10.pfb></usr/share/texlive/texmf-dist/fonts/type1/public/amsfo
nts/cm/cmtt9.pfb>
Output written on build/main.pdf (9 pages, 526515 bytes).
Transcript written on build/main.log.
Latexmk: Getting log file 'build/main.log'
Latexmk: Examining 'build/main.fls'
Latexmk: Examining 'build/main.log'
Latexmk: Found input bbl file 'build/main.bbl'
Latexmk: References changed.
Latexmk: Log file says output to 'build/main.pdf'
Latexmk: Found bibliography file(s):
  ./references.bib
Latexmk: applying rule 'bibtex build/main'...
Rule 'bibtex build/main':  Reasons for rerun
Changed files or newly in use/created:
  build/main.aux

------------
Run number 2 of rule 'bibtex build/main'
------------
====== ENV{BIBINPUTS} changed to '$HOME/work/exact-reversible-choice-coding/exact-reversible-choice-coding/papers/paper2_thermodynamic_risk_coding:build:$HOME/work/exact-reversible-choice-coding/exact-reversible-choice-coding/papers/paper2_thermodynamic_risk_coding/build:'
Latexmk: Change directory to 'build/'.
To assist finding of files in document directory, I set
  BIBINPUTS='$HOME/work/exact-reversible-choice-coding/exact-reversible-choice-coding/papers/paper2_thermodynamic_risk_coding:build:$HOME/work/exact-reversible-choice-coding/exact-reversible-choice-coding/papers/paper2_thermodynamic_risk_coding/build:'
  BSTINPUTS='$HOME/work/exact-reversible-choice-coding/exact-reversible-choice-coding/papers/paper2_thermodynamic_risk_coding:'.
------------
Running 'bibtex  "main.aux"'
------------
This is BibTeX, Version 0.99d (TeX Live 2023/Debian)
The top-level auxiliary file: main.aux
The style file: plain.bst
Database file #1: references.bib
Latexmk: Change directory back to '$HOME/work/exact-reversible-choice-coding/exact-reversible-choice-coding/papers/paper2_thermodynamic_risk_coding'
Latexmk: applying rule 'pdflatex'...
Rule 'pdflatex':  Reasons for rerun
Changed files or newly in use/created:
  build/main.aux

------------
Run number 3 of rule 'pdflatex'
------------
------------
Running 'pdflatex  -interaction=nonstopmode -halt-on-error -recorder -output-directory="build"  "main.tex"'
------------
This is pdfTeX, Version 3.141592653-2.6-1.40.25 (TeX Live 2023/Debian) (preloaded format=pdflatex)
 restricted \write18 enabled.
entering extended mode
(./main.tex
LaTeX2e <2023-11-01> patch level 1
L3 programming layer <2024-01-22>
(/usr/share/texlive/texmf-dist/tex/latex/base/article.cls
Document Class: article 2023/05/17 v1.4n Standard LaTeX document class
(/usr/share/texlive/texmf-dist/tex/latex/base/size10.clo))
(/usr/share/texlive/texmf-dist/tex/latex/geometry/geometry.sty
(/usr/share/texlive/texmf-dist/tex/latex/graphics/keyval.sty)
(/usr/share/texlive/texmf-dist/tex/generic/iftex/ifvtex.sty
(/usr/share/texlive/texmf-dist/tex/generic/iftex/iftex.sty)))
(/usr/share/texlive/texmf-dist/tex/latex/amsmath/amsmath.sty
For additional information on amsmath, use the `?' option.
(/usr/share/texlive/texmf-dist/tex/latex/amsmath/amstext.sty
(/usr/share/texlive/texmf-dist/tex/latex/amsmath/amsgen.sty))
(/usr/share/texlive/texmf-dist/tex/latex/amsmath/amsbsy.sty)
(/usr/share/texlive/texmf-dist/tex/latex/amsmath/amsopn.sty))
(/usr/share/texlive/texmf-dist/tex/latex/amsfonts/amssymb.sty
(/usr/share/texlive/texmf-dist/tex/latex/amsfonts/amsfonts.sty))
(/usr/share/texlive/texmf-dist/tex/latex/amscls/amsthm.sty)
(/usr/share/texlive/texmf-dist/tex/latex/tools/array.sty)
(/usr/share/texlive/texmf-dist/tex/latex/booktabs/booktabs.sty)
(/usr/share/texlive/texmf-dist/tex/latex/graphics/graphicx.sty
(/usr/share/texlive/texmf-dist/tex/latex/graphics/graphics.sty
(/usr/share/texlive/texmf-dist/tex/latex/graphics/trig.sty)
(/usr/share/texlive/texmf-dist/tex/latex/graphics-cfg/graphics.cfg)
(/usr/share/texlive/texmf-dist/tex/latex/graphics-def/pdftex.def)))
(/usr/share/texlive/texmf-dist/tex/latex/float/float.sty)
(/usr/share/texlive/texmf-dist/tex/latex/hyperref/hyperref.sty
(/usr/share/texlive/texmf-dist/tex/latex/kvsetkeys/kvsetkeys.sty)
(/usr/share/texlive/texmf-dist/tex/generic/kvdefinekeys/kvdefinekeys.sty)
(/usr/share/texlive/texmf-dist/tex/generic/pdfescape/pdfescape.sty
(/usr/share/texlive/texmf-dist/tex/generic/ltxcmds/ltxcmds.sty)
(/usr/share/texlive/texmf-dist/tex/generic/pdftexcmds/pdftexcmds.sty
(/usr/share/texlive/texmf-dist/tex/generic/infwarerr/infwarerr.sty)))
(/usr/share/texlive/texmf-dist/tex/latex/hycolor/hycolor.sty)
(/usr/share/texlive/texmf-dist/tex/latex/auxhook/auxhook.sty)
(/usr/share/texlive/texmf-dist/tex/latex/hyperref/nameref.sty
(/usr/share/texlive/texmf-dist/tex/latex/refcount/refcount.sty)
(/usr/share/texlive/texmf-dist/tex/generic/gettitlestring/gettitlestring.sty
(/usr/share/texlive/texmf-dist/tex/latex/kvoptions/kvoptions.sty)))
(/usr/share/texlive/texmf-dist/tex/latex/etoolbox/etoolbox.sty)
(/usr/share/texlive/texmf-dist/tex/latex/hyperref/pd1enc.def)
(/usr/share/texlive/texmf-dist/tex/generic/intcalc/intcalc.sty)
(/usr/share/texlive/texmf-dist/tex/latex/hyperref/puenc.def)
(/usr/share/texlive/texmf-dist/tex/latex/url/url.sty)
(/usr/share/texlive/texmf-dist/tex/generic/bitset/bitset.sty
(/usr/share/texlive/texmf-dist/tex/generic/bigintcalc/bigintcalc.sty))
(/usr/share/texlive/texmf-dist/tex/latex/base/atbegshi-ltx.sty))
(/usr/share/texlive/texmf-dist/tex/latex/hyperref/hpdftex.def
(/usr/share/texlive/texmf-dist/tex/latex/base/atveryend-ltx.sty)
(/usr/share/texlive/texmf-dist/tex/latex/rerunfilecheck/rerunfilecheck.sty
(/usr/share/texlive/texmf-dist/tex/generic/uniquecounter/uniquecounter.sty)))
(/usr/share/texlive/texmf-dist/tex/latex/l3backend/l3backend-pdftex.def)
(build/main.aux)
*geometry* driver: auto-detecting
*geometry* detected driver: pdftex
(/usr/share/texlive/texmf-dist/tex/context/base/mkii/supp-pdf.mkii
[Loading MPS to PDF converter (version 2006.09.02).]
) (/usr/share/texlive/texmf-dist/tex/latex/epstopdf-pkg/epstopdf-base.sty
(/usr/share/texlive/texmf-dist/tex/latex/latexconfig/epstopdf-sys.cfg))
(build/main.out) (build/main.out)
(/usr/share/texlive/texmf-dist/tex/latex/amsfonts/umsa.fd)
(/usr/share/texlive/texmf-dist/tex/latex/amsfonts/umsb.fd) [1{/var/lib/texmf/fo
nts/map/pdftex/updmap/pdftex.map}] [2] [3] [4] [5 <./figures/assay_calibrated_s
election.pdf>] [6] (build/main.bbl [7]) [8] [9 <./figures/reversible_choice_cod
ec.pdf>] (build/main.aux) )</usr/share/texlive/texmf-dist/fonts/type1/public/am
sfonts/cm/cmbx10.pfb></usr/share/texlive/texmf-dist/fonts/type1/public/amsfonts
/cm/cmbx12.pfb></usr/share/texlive/texmf-dist/fonts/type1/public/amsfonts/cm/cm
bx9.pfb></usr/share/texlive/texmf-dist/fonts/type1/public/amsfonts/cm/cmex10.pf
b></usr/share/texlive/texmf-dist/fonts/type1/public/amsfonts/cm/cmmi10.pfb></us
r/share/texlive/texmf-dist/fonts/type1/public/amsfonts/cm/cmmi5.pfb></usr/share
/texlive/texmf-dist/fonts/type1/public/amsfonts/cm/cmmi6.pfb></usr/share/texliv
e/texmf-dist/fonts/type1/public/amsfonts/cm/cmmi7.pfb></usr/share/texlive/texmf
-dist/fonts/type1/public/amsfonts/cm/cmmi9.pfb></usr/share/texlive/texmf-dist/f
onts/type1/public/amsfonts/cm/cmr10.pfb></usr/share/texlive/texmf-dist/fonts/ty
pe1/public/amsfonts/cm/cmr17.pfb></usr/share/texlive/texmf-dist/fonts/type1/pub
lic/amsfonts/cm/cmr7.pfb></usr/share/texlive/texmf-dist/fonts/type1/public/amsf
onts/cm/cmr8.pfb></usr/share/texlive/texmf-dist/fonts/type1/public/amsfonts/cm/
cmr9.pfb></usr/share/texlive/texmf-dist/fonts/type1/public/amsfonts/cm/cmsy10.p
fb></usr/share/texlive/texmf-dist/fonts/type1/public/amsfonts/cm/cmsy7.pfb></us
r/share/texlive/texmf-dist/fonts/type1/public/amsfonts/cm/cmsy9.pfb></usr/share
/texlive/texmf-dist/fonts/type1/public/amsfonts/cm/cmti10.pfb></usr/share/texli
ve/texmf-dist/fonts/type1/public/amsfonts/cm/cmti8.pfb></usr/share/texlive/texm
f-dist/fonts/type1/public/amsfonts/cm/cmtt10.pfb></usr/share/texlive/texmf-dist
/fonts/type1/public/amsfonts/cm/cmtt9.pfb>
Output written on build/main.pdf (9 pages, 527378 bytes).
Transcript written on build/main.log.
Latexmk: Getting log file 'build/main.log'
Latexmk: Examining 'build/main.fls'
Latexmk: Examining 'build/main.log'
Latexmk: Found input bbl file 'build/main.bbl'
Latexmk: Found input bbl file 'build/main.bbl'
Latexmk: Log file says output to 'build/main.pdf'
Latexmk: Found bibliography file(s):
  ./references.bib
Latexmk: All targets (build/main.pdf) are up-to-date

Rc files read:
  NONE
Latexmk: This is Latexmk, John Collins, 31 Jan. 2024. Version 4.83.
No existing .aux file, so I'll make a simple one, and require run of *latex.
Latexmk: applying rule 'pdflatex'...
Rule 'pdflatex':  Reasons for rerun
Category 'other':
  Rerun of 'pdflatex' forced or previously required:
    Reason or flag: 'Initial setup'

------------
Run number 1 of rule 'pdflatex'
------------
------------
Running 'pdflatex  -interaction=nonstopmode -halt-on-error -recorder -output-directory="build"  "supplementary_codec_evidence.tex"'
------------
This is pdfTeX, Version 3.141592653-2.6-1.40.25 (TeX Live 2023/Debian) (preloaded format=pdflatex)
 restricted \write18 enabled.
entering extended mode
(./supplementary_codec_evidence.tex
LaTeX2e <2023-11-01> patch level 1
L3 programming layer <2024-01-22>
(/usr/share/texlive/texmf-dist/tex/latex/base/article.cls
Document Class: article 2023/05/17 v1.4n Standard LaTeX document class
(/usr/share/texlive/texmf-dist/tex/latex/base/size10.clo))
(/usr/share/texlive/texmf-dist/tex/latex/geometry/geometry.sty
(/usr/share/texlive/texmf-dist/tex/latex/graphics/keyval.sty)
(/usr/share/texlive/texmf-dist/tex/generic/iftex/ifvtex.sty
(/usr/share/texlive/texmf-dist/tex/generic/iftex/iftex.sty)))
(/usr/share/texlive/texmf-dist/tex/latex/amsmath/amsmath.sty
For additional information on amsmath, use the `?' option.
(/usr/share/texlive/texmf-dist/tex/latex/amsmath/amstext.sty
(/usr/share/texlive/texmf-dist/tex/latex/amsmath/amsgen.sty))
(/usr/share/texlive/texmf-dist/tex/latex/amsmath/amsbsy.sty)
(/usr/share/texlive/texmf-dist/tex/latex/amsmath/amsopn.sty))
(/usr/share/texlive/texmf-dist/tex/latex/amsfonts/amssymb.sty
(/usr/share/texlive/texmf-dist/tex/latex/amsfonts/amsfonts.sty))
(/usr/share/texlive/texmf-dist/tex/latex/amscls/amsthm.sty)
(/usr/share/texlive/texmf-dist/tex/latex/tools/array.sty)
(/usr/share/texlive/texmf-dist/tex/latex/booktabs/booktabs.sty)
(/usr/share/texlive/texmf-dist/tex/latex/graphics/graphicx.sty
(/usr/share/texlive/texmf-dist/tex/latex/graphics/graphics.sty
(/usr/share/texlive/texmf-dist/tex/latex/graphics/trig.sty)
(/usr/share/texlive/texmf-dist/tex/latex/graphics-cfg/graphics.cfg)
(/usr/share/texlive/texmf-dist/tex/latex/graphics-def/pdftex.def)))
(/usr/share/texlive/texmf-dist/tex/latex/float/float.sty)
(/usr/share/texlive/texmf-dist/tex/latex/hyperref/hyperref.sty
(/usr/share/texlive/texmf-dist/tex/latex/kvsetkeys/kvsetkeys.sty)
(/usr/share/texlive/texmf-dist/tex/generic/kvdefinekeys/kvdefinekeys.sty)
(/usr/share/texlive/texmf-dist/tex/generic/pdfescape/pdfescape.sty
(/usr/share/texlive/texmf-dist/tex/generic/ltxcmds/ltxcmds.sty)
(/usr/share/texlive/texmf-dist/tex/generic/pdftexcmds/pdftexcmds.sty
(/usr/share/texlive/texmf-dist/tex/generic/infwarerr/infwarerr.sty)))
(/usr/share/texlive/texmf-dist/tex/latex/hycolor/hycolor.sty)
(/usr/share/texlive/texmf-dist/tex/latex/auxhook/auxhook.sty)
(/usr/share/texlive/texmf-dist/tex/latex/hyperref/nameref.sty
(/usr/share/texlive/texmf-dist/tex/latex/refcount/refcount.sty)
(/usr/share/texlive/texmf-dist/tex/generic/gettitlestring/gettitlestring.sty
(/usr/share/texlive/texmf-dist/tex/latex/kvoptions/kvoptions.sty)))
(/usr/share/texlive/texmf-dist/tex/latex/etoolbox/etoolbox.sty)
(/usr/share/texlive/texmf-dist/tex/latex/hyperref/pd1enc.def)
(/usr/share/texlive/texmf-dist/tex/generic/intcalc/intcalc.sty)
(/usr/share/texlive/texmf-dist/tex/latex/hyperref/puenc.def)
(/usr/share/texlive/texmf-dist/tex/latex/url/url.sty)
(/usr/share/texlive/texmf-dist/tex/generic/bitset/bitset.sty
(/usr/share/texlive/texmf-dist/tex/generic/bigintcalc/bigintcalc.sty))
(/usr/share/texlive/texmf-dist/tex/latex/base/atbegshi-ltx.sty))
(/usr/share/texlive/texmf-dist/tex/latex/hyperref/hpdftex.def
(/usr/share/texlive/texmf-dist/tex/latex/base/atveryend-ltx.sty)
(/usr/share/texlive/texmf-dist/tex/latex/rerunfilecheck/rerunfilecheck.sty
(/usr/share/texlive/texmf-dist/tex/generic/uniquecounter/uniquecounter.sty)))
(/usr/share/texlive/texmf-dist/tex/latex/l3backend/l3backend-pdftex.def)
(build/supplementary_codec_evidence.aux)
*geometry* driver: auto-detecting
*geometry* detected driver: pdftex
(/usr/share/texlive/texmf-dist/tex/context/base/mkii/supp-pdf.mkii
[Loading MPS to PDF converter (version 2006.09.02).]
) (/usr/share/texlive/texmf-dist/tex/latex/epstopdf-pkg/epstopdf-base.sty
(/usr/share/texlive/texmf-dist/tex/latex/latexconfig/epstopdf-sys.cfg))
(/usr/share/texlive/texmf-dist/tex/latex/amsfonts/umsa.fd)
(/usr/share/texlive/texmf-dist/tex/latex/amsfonts/umsb.fd)
Underfull \hbox (badness 1009) in paragraph at lines 42--42
[]|\OT1/cmr/m/n/7 Computational ver-i-

Underfull \hbox (badness 10000) in paragraph at lines 42--42
[]|\OT1/cmr/m/n/7 Rank/unrank,

Underfull \hbox (badness 4366) in paragraph at lines 42--42
\OT1/cmr/m/n/7 modulo-$\OML/cmm/m/it/7 N$\OT1/cmr/m/n/7 , 65,024

Underfull \hbox (badness 10000) in paragraph at lines 42--42
[]|\OT1/cmr/m/n/7 Exact lan-guage,

Underfull \hbox (badness 10000) in paragraph at lines 42--42
\OT1/cmr/m/n/7 fibers, in-ver-sion,

Underfull \hbox (badness 10000) in paragraph at lines 43--43
[]|\OT1/cmr/m/n/7 Retrospective mea-

Underfull \hbox (badness 10000) in paragraph at lines 43--43
[]|\OT1/cmr/m/n/7 Previously

Underfull \hbox (badness 10000) in paragraph at lines 43--43
[]|\OT1/cmr/m/n/7 Within-fiber mea-

Underfull \hbox (badness 10000) in paragraph at lines 43--43
\OT1/cmr/m/n/7 sured se-lec-tion

Underfull \hbox (badness 10000) in paragraph at lines 43--44
[]|\OT1/cmr/m/n/7 Prospective emitted-

Underfull \hbox (badness 10000) in paragraph at lines 44--44
[]|\OT1/cmr/m/n/7 Same-publication

Underfull \hbox (badness 10000) in paragraph at lines 44--44
[]|\OT1/cmr/m/n/7 Analysis-plan-

Underfull \hbox (badness 10000) in paragraph at lines 44--44
\OT1/cmr/m/n/7 locked ex-ter-nal

Underfull \hbox (badness 10000) in paragraph at lines 44--44
[]|\OT1/cmr/m/n/7 Previously

Underfull \hbox (badness 10000) in paragraph at lines 44--44
[]|\OT1/cmr/m/n/7 Matched-assay

Underfull \hbox (badness 10000) in paragraph at lines 44--45
[]|\OT1/cmr/m/n/7 Independent third-

Underfull \hbox (badness 6078) in paragraph at lines 44--45
\OT1/cmr/m/n/7 party repli-ca-tion or

Underfull \hbox (badness 10000) in paragraph at lines 44--45
\OT1/cmr/m/n/7 prospec-tive pre-reg-is-

Underfull \hbox (badness 10000) in paragraph at lines 45--45
[]|\OT1/cmr/m/n/7 Altered-protocol

Underfull \hbox (badness 2401) in paragraph at lines 45--45
[]|\OT1/cmr/m/n/7 Exploratory ex-ter-

Underfull \hbox (badness 10000) in paragraph at lines 45--45
[]|\OT1/cmr/m/n/7 Previously

Underfull \hbox (badness 10000) in paragraph at lines 45--45
[]|\OT1/cmr/m/n/7 Assay-transfer

Underfull \hbox (badness 10000) in paragraph at lines 45--46
[]|\OT1/cmr/m/n/7 Polymerase-universal

Underfull \hbox (badness 10000) in paragraph at lines 46--46
[]|\OT1/cmr/m/n/7 Generated exact-

Underfull \hbox (badness 10000) in paragraph at lines 46--46
[]|\OT1/cmr/m/n/7 Predicted

Underfull \hbox (badness 10000) in paragraph at lines 46--46
[]|\OT1/cmr/m/n/7 Rate--score and

Underfull \hbox (badness 10000) in paragraph at lines 46--46
\OT1/cmr/m/n/7 map-ping di-ag-nos-

Underfull \hbox (badness 10000) in paragraph at lines 47--47
[]|\OT1/cmr/m/n/7 Prospective val-i-da-

Underfull \hbox (badness 3780) in paragraph at lines 47--47
\OT1/cmr/m/n/7 of emit-ted can-di-

Underfull \hbox (badness 10000) in paragraph at lines 47--47
[]|\OT1/cmr/m/n/7 Not per-
[1{/var/lib/texmf/fonts/map/pdftex/updmap/pdftex.map}] [2]
Underfull \hbox (badness 10000) in paragraph at lines 158--158
[]|\OT1/cmr/m/n/9 Historical pay-load un-
[3]

LaTeX Warning: Citation `gimpel2025pcrbias' on page 4 undefined on input line 1
98.

[4]

LaTeX Warning: Reference `tab:s-feature-ladder' on page 5 undefined on input li
ne 228.

[5]

LaTeX Warning: Reference `tab:s-external-distance' on page 6 undefined on input
 line 283.

[6]

LaTeX Warning: Reference `tab:s-ranking' on page 7 undefined on input line 316.



LaTeX Warning: Reference `tab:s-public-sota' on page 7 undefined on input line 
335.

[7]

LaTeX Warning: Reference `tab:s-p5-distributions' on page 8 undefined on input 
line 383.


LaTeX Warning: Reference `tab:s-negative-feature' on page 8 undefined on input 
line 429.

[8]

LaTeX Warning: Reference `tab:s-abstention' on page 9 undefined on input line 4
56.


LaTeX Warning: Reference `tab:s-ablation' on page 9 undefined on input line 483
.


LaTeX Warning: Reference `tab:s-cnn-two-stage' on page 9 undefined on input lin
e 506.

[9]

LaTeX Warning: Reference `tab:s-event' on page 10 undefined on input line 529.


LaTeX Warning: Reference `tab:s-q5' on page 10 undefined on input line 554.


LaTeX Warning: Reference `fig:s-paired-two-stage' on page 10 undefined on input
 line 554.


Underfull \hbox (badness 1048) in paragraph at lines 554--555
\OT1/cmtt/m/n/10 paper2-choice-external-q5-sensitivity-v1|external[]Q5|sequence
[]sha256 \OT1/cmr/m/n/10 to se-lect a sep-a-rate 1,024-
[10]

LaTeX Warning: Reference `tab:s-external-mapping-sensitivity' on page 11 undefi
ned on input line 616.

[11 <./figures/paired_two_stage_sensitivity.pdf>]

LaTeX Warning: Reference `tab:s-generated' on page 12 undefined on input line 6
60.

[12]

LaTeX Warning: Reference `tab:s-generated-mappings' on page 13 undefined on inp
ut line 691.


LaTeX Warning: Reference `tab:s-channel-boundary' on page 13 undefined on input
 line 716.

[13]

LaTeX Warning: Reference `tab:s-runtime' on page 14 undefined on input line 743
.


LaTeX Warning: Reference `tab:s-comparators' on page 14 undefined on input line
 768.


LaTeX Warning: Reference `tab:s-public-sota' on page 14 undefined on input line
 768.


LaTeX Warning: Reference `tab:s-external-sota' on page 14 undefined on input li
ne 768.


LaTeX Warning: Citation `cover1973enumerative' on page 14 undefined on input li
ne 777.


LaTeX Warning: Citation `adler1983slidingblock' on page 14 undefined on input l
ine 777.


LaTeX Warning: Citation `forney1992trellisshaping' on page 14 undefined on inpu
t line 778.


LaTeX Warning: Citation `wu2022listccdm' on page 14 undefined on input line 779
.


LaTeX Warning: Citation `wang2019bioconstrained' on page 14 undefined on input 
line 780.


LaTeX Warning: Citation `immink2019balancedhomopolymer' on page 14 undefined on
 input line 780.


LaTeX Warning: Citation `dou2024explorer' on page 14 undefined on input line 78
1.


LaTeX Warning: Citation `erlich2017dnafountain' on page 14 undefined on input l
ine 782.


LaTeX Warning: Citation `zulkower2020dnachisel' on page 14 undefined on input l
ine 783.


LaTeX Warning: Citation `hammer2017rnablueprint' on page 14 undefined on input 
line 784.


LaTeX Warning: Citation `welzel2023dnaaeon' on page 14 undefined on input line 
785.


LaTeX Warning: Citation `ruan2026scone' on page 14 undefined on input line 786.



LaTeX Warning: Citation `press2020hedges' on page 14 undefined on input line 78
7.


LaTeX Warning: Citation `zhao2024compositehedges' on page 14 undefined on input
 line 787.


LaTeX Warning: Citation `volkel2023framed' on page 14 undefined on input line 7
88.


LaTeX Warning: Citation `gimpel2026codecbenchmark' on page 14 undefined on inpu
t line 789.


LaTeX Warning: Citation `zhang2026gungnir' on page 14 undefined on input line 7
89.


LaTeX Warning: Citation `gimpel2025pcrbias' on page 14 undefined on input line 
790.

[14] [15]

LaTeX Warning: Citation `gimpel2023digitaltwin' on page 16 undefined on input l
ine 845.


Underfull \hbox (badness 1199) in paragraph at lines 875--876
[]\OT1/cmr/m/n/10 The $\OT1/cmtt/m/n/10 reversible _ choice _ codec$ \OT1/cmr/m
/n/10 out-put di-rec-tory con-tains exact-language, modulo-$\OML/cmm/m/it/10 N$
 \OT1/cmr/m/n/10 generated-code,
[16]
Underfull \hbox (badness 1092) in paragraph at lines 877--878
\OT1/cmr/m/n/10 256 names-paces. Code and frozen de-rived out-puts are pub-lic 
at []$\OT1/cmtt/m/n/10 https : / / github . com / nessajzhang /
No file supplementary_codec_evidence.bbl.
[17] (build/supplementary_codec_evidence.aux)

LaTeX Warning: There were undefined references.


LaTeX Warning: Label(s) may have changed. Rerun to get cross-references right.


Package rerunfilecheck Warning: File `supplementary_codec_evidence.out' has cha
nged.
(rerunfilecheck)                Rerun to get outlines right
(rerunfilecheck)                or use package `bookmark'.

 )
(see the transcript file for additional information)</usr/share/texlive/texmf-d
ist/fonts/type1/public/amsfonts/cm/cmbx10.pfb></usr/share/texlive/texmf-dist/fo
nts/type1/public/amsfonts/cm/cmbx12.pfb></usr/share/texlive/texmf-dist/fonts/ty
pe1/public/amsfonts/cm/cmbx7.pfb></usr/share/texlive/texmf-dist/fonts/type1/pub
lic/amsfonts/cm/cmex10.pfb></usr/share/texlive/texmf-dist/fonts/type1/public/am
sfonts/cm/cmmi10.pfb></usr/share/texlive/texmf-dist/fonts/type1/public/amsfonts
/cm/cmmi5.pfb></usr/share/texlive/texmf-dist/fonts/type1/public/amsfonts/cm/cmm
i7.pfb></usr/share/texlive/texmf-dist/fonts/type1/public/amsfonts/cm/cmmi9.pfb>
</usr/share/texlive/texmf-dist/fonts/type1/public/amsfonts/cm/cmr10.pfb></usr/s
hare/texlive/texmf-dist/fonts/type1/public/amsfonts/cm/cmr17.pfb></usr/share/te
xlive/texmf-dist/fonts/type1/public/amsfonts/cm/cmr5.pfb></usr/share/texlive/te
xmf-dist/fonts/type1/public/amsfonts/cm/cmr7.pfb></usr/share/texlive/texmf-dist
/fonts/type1/public/amsfonts/cm/cmr9.pfb></usr/share/texlive/texmf-dist/fonts/t
ype1/public/amsfonts/cm/cmsy10.pfb></usr/share/texlive/texmf-dist/fonts/type1/p
ublic/amsfonts/cm/cmsy5.pfb></usr/share/texlive/texmf-dist/fonts/type1/public/a
msfonts/cm/cmsy7.pfb></usr/share/texlive/texmf-dist/fonts/type1/public/amsfonts
/cm/cmsy9.pfb></usr/share/texlive/texmf-dist/fonts/type1/public/amsfonts/cm/cmt
i10.pfb></usr/share/texlive/texmf-dist/fonts/type1/public/amsfonts/cm/cmtt10.pf
b></usr/share/texlive/texmf-dist/fonts/type1/public/amsfonts/symbols/msbm10.pfb
>
Output written on build/supplementary_codec_evidence.pdf (17 pages, 407401 byte
s).
Transcript written on build/supplementary_codec_evidence.log.
Latexmk: Getting log file 'build/supplementary_codec_evidence.log'
Latexmk: Examining 'build/supplementary_codec_evidence.fls'
Latexmk: Examining 'build/supplementary_codec_evidence.log'
Latexmk: References changed.
Latexmk: References changed.
Latexmk: Log file says output to 'build/supplementary_codec_evidence.pdf'
Latexmk: Log file says output to 'build/supplementary_codec_evidence.pdf'
Latexmk: Found bibliography file(s):
  ./references.bib
Latexmk: applying rule 'bibtex build/supplementary_codec_evidence'...
Rule 'bibtex build/supplementary_codec_evidence':  Reasons for rerun
Category 'other':
  Rerun of 'bibtex build/supplementary_codec_evidence' forced or previously required:
    Reason or flag: 'Initial set up of rule'

------------
Run number 1 of rule 'bibtex build/supplementary_codec_evidence'
------------
====== ENV{BIBINPUTS} changed to '$HOME/work/exact-reversible-choice-coding/exact-reversible-choice-coding/papers/paper2_thermodynamic_risk_coding:build:$HOME/work/exact-reversible-choice-coding/exact-reversible-choice-coding/papers/paper2_thermodynamic_risk_coding/build:'
Latexmk: Change directory to 'build/'.
To assist finding of files in document directory, I set
  BIBINPUTS='$HOME/work/exact-reversible-choice-coding/exact-reversible-choice-coding/papers/paper2_thermodynamic_risk_coding:build:$HOME/work/exact-reversible-choice-coding/exact-reversible-choice-coding/papers/paper2_thermodynamic_risk_coding/build:'
  BSTINPUTS='$HOME/work/exact-reversible-choice-coding/exact-reversible-choice-coding/papers/paper2_thermodynamic_risk_coding:'.
------------
Running 'bibtex  "supplementary_codec_evidence.aux"'
------------
This is BibTeX, Version 0.99d (TeX Live 2023/Debian)
The top-level auxiliary file: supplementary_codec_evidence.aux
The style file: plain.bst
Database file #1: references.bib
Latexmk: Change directory back to '$HOME/work/exact-reversible-choice-coding/exact-reversible-choice-coding/papers/paper2_thermodynamic_risk_coding'
Latexmk: applying rule 'pdflatex'...
Rule 'pdflatex':  Reasons for rerun
Changed files or newly in use/created:
  build/supplementary_codec_evidence.aux
  build/supplementary_codec_evidence.bbl
  build/supplementary_codec_evidence.out

------------
Run number 2 of rule 'pdflatex'
------------
------------
Running 'pdflatex  -interaction=nonstopmode -halt-on-error -recorder -output-directory="build"  "supplementary_codec_evidence.tex"'
------------
This is pdfTeX, Version 3.141592653-2.6-1.40.25 (TeX Live 2023/Debian) (preloaded format=pdflatex)
 restricted \write18 enabled.
entering extended mode
(./supplementary_codec_evidence.tex
LaTeX2e <2023-11-01> patch level 1
L3 programming layer <2024-01-22>
(/usr/share/texlive/texmf-dist/tex/latex/base/article.cls
Document Class: article 2023/05/17 v1.4n Standard LaTeX document class
(/usr/share/texlive/texmf-dist/tex/latex/base/size10.clo))
(/usr/share/texlive/texmf-dist/tex/latex/geometry/geometry.sty
(/usr/share/texlive/texmf-dist/tex/latex/graphics/keyval.sty)
(/usr/share/texlive/texmf-dist/tex/generic/iftex/ifvtex.sty
(/usr/share/texlive/texmf-dist/tex/generic/iftex/iftex.sty)))
(/usr/share/texlive/texmf-dist/tex/latex/amsmath/amsmath.sty
For additional information on amsmath, use the `?' option.
(/usr/share/texlive/texmf-dist/tex/latex/amsmath/amstext.sty
(/usr/share/texlive/texmf-dist/tex/latex/amsmath/amsgen.sty))
(/usr/share/texlive/texmf-dist/tex/latex/amsmath/amsbsy.sty)
(/usr/share/texlive/texmf-dist/tex/latex/amsmath/amsopn.sty))
(/usr/share/texlive/texmf-dist/tex/latex/amsfonts/amssymb.sty
(/usr/share/texlive/texmf-dist/tex/latex/amsfonts/amsfonts.sty))
(/usr/share/texlive/texmf-dist/tex/latex/amscls/amsthm.sty)
(/usr/share/texlive/texmf-dist/tex/latex/tools/array.sty)
(/usr/share/texlive/texmf-dist/tex/latex/booktabs/booktabs.sty)
(/usr/share/texlive/texmf-dist/tex/latex/graphics/graphicx.sty
(/usr/share/texlive/texmf-dist/tex/latex/graphics/graphics.sty
(/usr/share/texlive/texmf-dist/tex/latex/graphics/trig.sty)
(/usr/share/texlive/texmf-dist/tex/latex/graphics-cfg/graphics.cfg)
(/usr/share/texlive/texmf-dist/tex/latex/graphics-def/pdftex.def)))
(/usr/share/texlive/texmf-dist/tex/latex/float/float.sty)
(/usr/share/texlive/texmf-dist/tex/latex/hyperref/hyperref.sty
(/usr/share/texlive/texmf-dist/tex/latex/kvsetkeys/kvsetkeys.sty)
(/usr/share/texlive/texmf-dist/tex/generic/kvdefinekeys/kvdefinekeys.sty)
(/usr/share/texlive/texmf-dist/tex/generic/pdfescape/pdfescape.sty
(/usr/share/texlive/texmf-dist/tex/generic/ltxcmds/ltxcmds.sty)
(/usr/share/texlive/texmf-dist/tex/generic/pdftexcmds/pdftexcmds.sty
(/usr/share/texlive/texmf-dist/tex/generic/infwarerr/infwarerr.sty)))
(/usr/share/texlive/texmf-dist/tex/latex/hycolor/hycolor.sty)
(/usr/share/texlive/texmf-dist/tex/latex/auxhook/auxhook.sty)
(/usr/share/texlive/texmf-dist/tex/latex/hyperref/nameref.sty
(/usr/share/texlive/texmf-dist/tex/latex/refcount/refcount.sty)
(/usr/share/texlive/texmf-dist/tex/generic/gettitlestring/gettitlestring.sty
(/usr/share/texlive/texmf-dist/tex/latex/kvoptions/kvoptions.sty)))
(/usr/share/texlive/texmf-dist/tex/latex/etoolbox/etoolbox.sty)
(/usr/share/texlive/texmf-dist/tex/latex/hyperref/pd1enc.def)
(/usr/share/texlive/texmf-dist/tex/generic/intcalc/intcalc.sty)
(/usr/share/texlive/texmf-dist/tex/latex/hyperref/puenc.def)
(/usr/share/texlive/texmf-dist/tex/latex/url/url.sty)
(/usr/share/texlive/texmf-dist/tex/generic/bitset/bitset.sty
(/usr/share/texlive/texmf-dist/tex/generic/bigintcalc/bigintcalc.sty))
(/usr/share/texlive/texmf-dist/tex/latex/base/atbegshi-ltx.sty))
(/usr/share/texlive/texmf-dist/tex/latex/hyperref/hpdftex.def
(/usr/share/texlive/texmf-dist/tex/latex/base/atveryend-ltx.sty)
(/usr/share/texlive/texmf-dist/tex/latex/rerunfilecheck/rerunfilecheck.sty
(/usr/share/texlive/texmf-dist/tex/generic/uniquecounter/uniquecounter.sty)))
(/usr/share/texlive/texmf-dist/tex/latex/l3backend/l3backend-pdftex.def)
(build/supplementary_codec_evidence.aux)
*geometry* driver: auto-detecting
*geometry* detected driver: pdftex
(/usr/share/texlive/texmf-dist/tex/context/base/mkii/supp-pdf.mkii
[Loading MPS to PDF converter (version 2006.09.02).]
) (/usr/share/texlive/texmf-dist/tex/latex/epstopdf-pkg/epstopdf-base.sty
(/usr/share/texlive/texmf-dist/tex/latex/latexconfig/epstopdf-sys.cfg))
(build/supplementary_codec_evidence.out)
(build/supplementary_codec_evidence.out)
(/usr/share/texlive/texmf-dist/tex/latex/amsfonts/umsa.fd)
(/usr/share/texlive/texmf-dist/tex/latex/amsfonts/umsb.fd)
Underfull \hbox (badness 1009) in paragraph at lines 42--42
[]|\OT1/cmr/m/n/7 Computational ver-i-

Underfull \hbox (badness 10000) in paragraph at lines 42--42
[]|\OT1/cmr/m/n/7 Rank/unrank,

Underfull \hbox (badness 4366) in paragraph at lines 42--42
\OT1/cmr/m/n/7 modulo-$\OML/cmm/m/it/7 N$\OT1/cmr/m/n/7 , 65,024

Underfull \hbox (badness 10000) in paragraph at lines 42--42
[]|\OT1/cmr/m/n/7 Exact lan-guage,

Underfull \hbox (badness 10000) in paragraph at lines 42--42
\OT1/cmr/m/n/7 fibers, in-ver-sion,

Underfull \hbox (badness 10000) in paragraph at lines 43--43
[]|\OT1/cmr/m/n/7 Retrospective mea-

Underfull \hbox (badness 10000) in paragraph at lines 43--43
[]|\OT1/cmr/m/n/7 Previously

Underfull \hbox (badness 10000) in paragraph at lines 43--43
[]|\OT1/cmr/m/n/7 Within-fiber mea-

Underfull \hbox (badness 10000) in paragraph at lines 43--43
\OT1/cmr/m/n/7 sured se-lec-tion

Underfull \hbox (badness 10000) in paragraph at lines 43--44
[]|\OT1/cmr/m/n/7 Prospective emitted-

Underfull \hbox (badness 10000) in paragraph at lines 44--44
[]|\OT1/cmr/m/n/7 Same-publication

Underfull \hbox (badness 10000) in paragraph at lines 44--44
[]|\OT1/cmr/m/n/7 Analysis-plan-

Underfull \hbox (badness 10000) in paragraph at lines 44--44
\OT1/cmr/m/n/7 locked ex-ter-nal

Underfull \hbox (badness 10000) in paragraph at lines 44--44
[]|\OT1/cmr/m/n/7 Previously

Underfull \hbox (badness 10000) in paragraph at lines 44--44
[]|\OT1/cmr/m/n/7 Matched-assay

Underfull \hbox (badness 10000) in paragraph at lines 44--45
[]|\OT1/cmr/m/n/7 Independent third-

Underfull \hbox (badness 6078) in paragraph at lines 44--45
\OT1/cmr/m/n/7 party repli-ca-tion or

Underfull \hbox (badness 10000) in paragraph at lines 44--45
\OT1/cmr/m/n/7 prospec-tive pre-reg-is-

Underfull \hbox (badness 10000) in paragraph at lines 45--45
[]|\OT1/cmr/m/n/7 Altered-protocol

Underfull \hbox (badness 2401) in paragraph at lines 45--45
[]|\OT1/cmr/m/n/7 Exploratory ex-ter-

Underfull \hbox (badness 10000) in paragraph at lines 45--45
[]|\OT1/cmr/m/n/7 Previously

Underfull \hbox (badness 10000) in paragraph at lines 45--45
[]|\OT1/cmr/m/n/7 Assay-transfer

Underfull \hbox (badness 10000) in paragraph at lines 45--46
[]|\OT1/cmr/m/n/7 Polymerase-universal

Underfull \hbox (badness 10000) in paragraph at lines 46--46
[]|\OT1/cmr/m/n/7 Generated exact-

Underfull \hbox (badness 10000) in paragraph at lines 46--46
[]|\OT1/cmr/m/n/7 Predicted

Underfull \hbox (badness 10000) in paragraph at lines 46--46
[]|\OT1/cmr/m/n/7 Rate--score and

Underfull \hbox (badness 10000) in paragraph at lines 46--46
\OT1/cmr/m/n/7 map-ping di-ag-nos-

Underfull \hbox (badness 10000) in paragraph at lines 47--47
[]|\OT1/cmr/m/n/7 Prospective val-i-da-

Underfull \hbox (badness 3780) in paragraph at lines 47--47
\OT1/cmr/m/n/7 of emit-ted can-di-

Underfull \hbox (badness 10000) in paragraph at lines 47--47
[]|\OT1/cmr/m/n/7 Not per-
[1{/var/lib/texmf/fonts/map/pdftex/updmap/pdftex.map}] [2]
Underfull \hbox (badness 10000) in paragraph at lines 158--158
[]|\OT1/cmr/m/n/9 Historical pay-load un-
[3]

LaTeX Warning: Citation `gimpel2025pcrbias' on page 4 undefined on input line 1
98.

[4] [5] [6] [7] [8] [9]
Underfull \hbox (badness 1048) in paragraph at lines 554--555
\OT1/cmtt/m/n/10 paper2-choice-external-q5-sensitivity-v1|external[]Q5|sequence
[]sha256 \OT1/cmr/m/n/10 to se-lect a sep-a-rate 1,024-
[10] [11 <./figures/paired_two_stage_sensitivity.pdf>] [12] [13]

LaTeX Warning: Citation `cover1973enumerative' on page 14 undefined on input li
ne 777.


LaTeX Warning: Citation `adler1983slidingblock' on page 14 undefined on input l
ine 777.


LaTeX Warning: Citation `forney1992trellisshaping' on page 14 undefined on inpu
t line 778.


LaTeX Warning: Citation `wu2022listccdm' on page 14 undefined on input line 779
.


LaTeX Warning: Citation `wang2019bioconstrained' on page 14 undefined on input 
line 780.


LaTeX Warning: Citation `immink2019balancedhomopolymer' on page 14 undefined on
 input line 780.


LaTeX Warning: Citation `dou2024explorer' on page 14 undefined on input line 78
1.


LaTeX Warning: Citation `erlich2017dnafountain' on page 14 undefined on input l
ine 782.


LaTeX Warning: Citation `zulkower2020dnachisel' on page 14 undefined on input l
ine 783.


LaTeX Warning: Citation `hammer2017rnablueprint' on page 14 undefined on input 
line 784.


LaTeX Warning: Citation `welzel2023dnaaeon' on page 14 undefined on input line 
785.


LaTeX Warning: Citation `ruan2026scone' on page 14 undefined on input line 786.



LaTeX Warning: Citation `press2020hedges' on page 14 undefined on input line 78
7.


LaTeX Warning: Citation `zhao2024compositehedges' on page 14 undefined on input
 line 787.


LaTeX Warning: Citation `volkel2023framed' on page 14 undefined on input line 7
88.


LaTeX Warning: Citation `gimpel2026codecbenchmark' on page 14 undefined on inpu
t line 789.


LaTeX Warning: Citation `zhang2026gungnir' on page 14 undefined on input line 7
89.


LaTeX Warning: Citation `gimpel2025pcrbias' on page 14 undefined on input line 
790.

[14] [15]

LaTeX Warning: Citation `gimpel2023digitaltwin' on page 16 undefined on input l
ine 845.


Underfull \hbox (badness 1199) in paragraph at lines 875--876
[]\OT1/cmr/m/n/10 The $\OT1/cmtt/m/n/10 reversible _ choice _ codec$ \OT1/cmr/m
/n/10 out-put di-rec-tory con-tains exact-language, modulo-$\OML/cmm/m/it/10 N$
 \OT1/cmr/m/n/10 generated-code,
[16]
Underfull \hbox (badness 1092) in paragraph at lines 877--878
\OT1/cmr/m/n/10 256 names-paces. Code and frozen de-rived out-puts are pub-lic 
at []$\OT1/cmtt/m/n/10 https : / / github . com / nessajzhang /
(build/supplementary_codec_evidence.bbl) [17]
(build/supplementary_codec_evidence.aux)

LaTeX Warning: There were undefined references.


LaTeX Warning: Label(s) may have changed. Rerun to get cross-references right.

 )
(see the transcript file for additional information)</usr/share/texlive/texmf-d
ist/fonts/type1/public/amsfonts/cm/cmbx10.pfb></usr/share/texlive/texmf-dist/fo
nts/type1/public/amsfonts/cm/cmbx12.pfb></usr/share/texlive/texmf-dist/fonts/ty
pe1/public/amsfonts/cm/cmbx7.pfb></usr/share/texlive/texmf-dist/fonts/type1/pub
lic/amsfonts/cm/cmex10.pfb></usr/share/texlive/texmf-dist/fonts/type1/public/am
sfonts/cm/cmmi10.pfb></usr/share/texlive/texmf-dist/fonts/type1/public/amsfonts
/cm/cmmi5.pfb></usr/share/texlive/texmf-dist/fonts/type1/public/amsfonts/cm/cmm
i7.pfb></usr/share/texlive/texmf-dist/fonts/type1/public/amsfonts/cm/cmmi9.pfb>
</usr/share/texlive/texmf-dist/fonts/type1/public/amsfonts/cm/cmr10.pfb></usr/s
hare/texlive/texmf-dist/fonts/type1/public/amsfonts/cm/cmr17.pfb></usr/share/te
xlive/texmf-dist/fonts/type1/public/amsfonts/cm/cmr5.pfb></usr/share/texlive/te
xmf-dist/fonts/type1/public/amsfonts/cm/cmr7.pfb></usr/share/texlive/texmf-dist
/fonts/type1/public/amsfonts/cm/cmr9.pfb></usr/share/texlive/texmf-dist/fonts/t
ype1/public/amsfonts/cm/cmsy10.pfb></usr/share/texlive/texmf-dist/fonts/type1/p
ublic/amsfonts/cm/cmsy5.pfb></usr/share/texlive/texmf-dist/fonts/type1/public/a
msfonts/cm/cmsy7.pfb></usr/share/texlive/texmf-dist/fonts/type1/public/amsfonts
/cm/cmsy9.pfb></usr/share/texlive/texmf-dist/fonts/type1/public/amsfonts/cm/cmt
i10.pfb></usr/share/texlive/texmf-dist/fonts/type1/public/amsfonts/cm/cmti9.pfb
></usr/share/texlive/texmf-dist/fonts/type1/public/amsfonts/cm/cmtt10.pfb></usr
/share/texlive/texmf-dist/fonts/type1/public/amsfonts/symbols/msbm10.pfb>
Output written on build/supplementary_codec_evidence.pdf (17 pages, 432779 byte
s).
Transcript written on build/supplementary_codec_evidence.log.
Latexmk: Getting log file 'build/supplementary_codec_evidence.log'
Latexmk: Examining 'build/supplementary_codec_evidence.fls'
Latexmk: Examining 'build/supplementary_codec_evidence.log'
Latexmk: Found input bbl file 'build/supplementary_codec_evidence.bbl'
Latexmk: References changed.
Latexmk: Log file says output to 'build/supplementary_codec_evidence.pdf'
Latexmk: Log file says output to 'build/supplementary_codec_evidence.pdf'
Latexmk: Found bibliography file(s):
  ./references.bib
Latexmk: applying rule 'bibtex build/supplementary_codec_evidence'...
Rule 'bibtex build/supplementary_codec_evidence':  Reasons for rerun
Changed files or newly in use/created:
  build/supplementary_codec_evidence.aux

------------
Run number 2 of rule 'bibtex build/supplementary_codec_evidence'
------------
====== ENV{BIBINPUTS} changed to '$HOME/work/exact-reversible-choice-coding/exact-reversible-choice-coding/papers/paper2_thermodynamic_risk_coding:build:$HOME/work/exact-reversible-choice-coding/exact-reversible-choice-coding/papers/paper2_thermodynamic_risk_coding/build:'
Latexmk: Change directory to 'build/'.
To assist finding of files in document directory, I set
  BIBINPUTS='$HOME/work/exact-reversible-choice-coding/exact-reversible-choice-coding/papers/paper2_thermodynamic_risk_coding:build:$HOME/work/exact-reversible-choice-coding/exact-reversible-choice-coding/papers/paper2_thermodynamic_risk_coding/build:'
  BSTINPUTS='$HOME/work/exact-reversible-choice-coding/exact-reversible-choice-coding/papers/paper2_thermodynamic_risk_coding:'.
------------
Running 'bibtex  "supplementary_codec_evidence.aux"'
------------
This is BibTeX, Version 0.99d (TeX Live 2023/Debian)
The top-level auxiliary file: supplementary_codec_evidence.aux
The style file: plain.bst
Database file #1: references.bib
Latexmk: Change directory back to '$HOME/work/exact-reversible-choice-coding/exact-reversible-choice-coding/papers/paper2_thermodynamic_risk_coding'
Latexmk: applying rule 'pdflatex'...
Rule 'pdflatex':  Reasons for rerun
Changed files or newly in use/created:
  build/supplementary_codec_evidence.aux

------------
Run number 3 of rule 'pdflatex'
------------
------------
Running 'pdflatex  -interaction=nonstopmode -halt-on-error -recorder -output-directory="build"  "supplementary_codec_evidence.tex"'
------------
This is pdfTeX, Version 3.141592653-2.6-1.40.25 (TeX Live 2023/Debian) (preloaded format=pdflatex)
 restricted \write18 enabled.
entering extended mode
(./supplementary_codec_evidence.tex
LaTeX2e <2023-11-01> patch level 1
L3 programming layer <2024-01-22>
(/usr/share/texlive/texmf-dist/tex/latex/base/article.cls
Document Class: article 2023/05/17 v1.4n Standard LaTeX document class
(/usr/share/texlive/texmf-dist/tex/latex/base/size10.clo))
(/usr/share/texlive/texmf-dist/tex/latex/geometry/geometry.sty
(/usr/share/texlive/texmf-dist/tex/latex/graphics/keyval.sty)
(/usr/share/texlive/texmf-dist/tex/generic/iftex/ifvtex.sty
(/usr/share/texlive/texmf-dist/tex/generic/iftex/iftex.sty)))
(/usr/share/texlive/texmf-dist/tex/latex/amsmath/amsmath.sty
For additional information on amsmath, use the `?' option.
(/usr/share/texlive/texmf-dist/tex/latex/amsmath/amstext.sty
(/usr/share/texlive/texmf-dist/tex/latex/amsmath/amsgen.sty))
(/usr/share/texlive/texmf-dist/tex/latex/amsmath/amsbsy.sty)
(/usr/share/texlive/texmf-dist/tex/latex/amsmath/amsopn.sty))
(/usr/share/texlive/texmf-dist/tex/latex/amsfonts/amssymb.sty
(/usr/share/texlive/texmf-dist/tex/latex/amsfonts/amsfonts.sty))
(/usr/share/texlive/texmf-dist/tex/latex/amscls/amsthm.sty)
(/usr/share/texlive/texmf-dist/tex/latex/tools/array.sty)
(/usr/share/texlive/texmf-dist/tex/latex/booktabs/booktabs.sty)
(/usr/share/texlive/texmf-dist/tex/latex/graphics/graphicx.sty
(/usr/share/texlive/texmf-dist/tex/latex/graphics/graphics.sty
(/usr/share/texlive/texmf-dist/tex/latex/graphics/trig.sty)
(/usr/share/texlive/texmf-dist/tex/latex/graphics-cfg/graphics.cfg)
(/usr/share/texlive/texmf-dist/tex/latex/graphics-def/pdftex.def)))
(/usr/share/texlive/texmf-dist/tex/latex/float/float.sty)
(/usr/share/texlive/texmf-dist/tex/latex/hyperref/hyperref.sty
(/usr/share/texlive/texmf-dist/tex/latex/kvsetkeys/kvsetkeys.sty)
(/usr/share/texlive/texmf-dist/tex/generic/kvdefinekeys/kvdefinekeys.sty)
(/usr/share/texlive/texmf-dist/tex/generic/pdfescape/pdfescape.sty
(/usr/share/texlive/texmf-dist/tex/generic/ltxcmds/ltxcmds.sty)
(/usr/share/texlive/texmf-dist/tex/generic/pdftexcmds/pdftexcmds.sty
(/usr/share/texlive/texmf-dist/tex/generic/infwarerr/infwarerr.sty)))
(/usr/share/texlive/texmf-dist/tex/latex/hycolor/hycolor.sty)
(/usr/share/texlive/texmf-dist/tex/latex/auxhook/auxhook.sty)
(/usr/share/texlive/texmf-dist/tex/latex/hyperref/nameref.sty
(/usr/share/texlive/texmf-dist/tex/latex/refcount/refcount.sty)
(/usr/share/texlive/texmf-dist/tex/generic/gettitlestring/gettitlestring.sty
(/usr/share/texlive/texmf-dist/tex/latex/kvoptions/kvoptions.sty)))
(/usr/share/texlive/texmf-dist/tex/latex/etoolbox/etoolbox.sty)
(/usr/share/texlive/texmf-dist/tex/latex/hyperref/pd1enc.def)
(/usr/share/texlive/texmf-dist/tex/generic/intcalc/intcalc.sty)
(/usr/share/texlive/texmf-dist/tex/latex/hyperref/puenc.def)
(/usr/share/texlive/texmf-dist/tex/latex/url/url.sty)
(/usr/share/texlive/texmf-dist/tex/generic/bitset/bitset.sty
(/usr/share/texlive/texmf-dist/tex/generic/bigintcalc/bigintcalc.sty))
(/usr/share/texlive/texmf-dist/tex/latex/base/atbegshi-ltx.sty))
(/usr/share/texlive/texmf-dist/tex/latex/hyperref/hpdftex.def
(/usr/share/texlive/texmf-dist/tex/latex/base/atveryend-ltx.sty)
(/usr/share/texlive/texmf-dist/tex/latex/rerunfilecheck/rerunfilecheck.sty
(/usr/share/texlive/texmf-dist/tex/generic/uniquecounter/uniquecounter.sty)))
(/usr/share/texlive/texmf-dist/tex/latex/l3backend/l3backend-pdftex.def)
(build/supplementary_codec_evidence.aux)
*geometry* driver: auto-detecting
*geometry* detected driver: pdftex
(/usr/share/texlive/texmf-dist/tex/context/base/mkii/supp-pdf.mkii
[Loading MPS to PDF converter (version 2006.09.02).]
) (/usr/share/texlive/texmf-dist/tex/latex/epstopdf-pkg/epstopdf-base.sty
(/usr/share/texlive/texmf-dist/tex/latex/latexconfig/epstopdf-sys.cfg))
(build/supplementary_codec_evidence.out)
(build/supplementary_codec_evidence.out)
(/usr/share/texlive/texmf-dist/tex/latex/amsfonts/umsa.fd)
(/usr/share/texlive/texmf-dist/tex/latex/amsfonts/umsb.fd)
Underfull \hbox (badness 1009) in paragraph at lines 42--42
[]|\OT1/cmr/m/n/7 Computational ver-i-

Underfull \hbox (badness 10000) in paragraph at lines 42--42
[]|\OT1/cmr/m/n/7 Rank/unrank,

Underfull \hbox (badness 4366) in paragraph at lines 42--42
\OT1/cmr/m/n/7 modulo-$\OML/cmm/m/it/7 N$\OT1/cmr/m/n/7 , 65,024

Underfull \hbox (badness 10000) in paragraph at lines 42--42
[]|\OT1/cmr/m/n/7 Exact lan-guage,

Underfull \hbox (badness 10000) in paragraph at lines 42--42
\OT1/cmr/m/n/7 fibers, in-ver-sion,

Underfull \hbox (badness 10000) in paragraph at lines 43--43
[]|\OT1/cmr/m/n/7 Retrospective mea-

Underfull \hbox (badness 10000) in paragraph at lines 43--43
[]|\OT1/cmr/m/n/7 Previously

Underfull \hbox (badness 10000) in paragraph at lines 43--43
[]|\OT1/cmr/m/n/7 Within-fiber mea-

Underfull \hbox (badness 10000) in paragraph at lines 43--43
\OT1/cmr/m/n/7 sured se-lec-tion

Underfull \hbox (badness 10000) in paragraph at lines 43--44
[]|\OT1/cmr/m/n/7 Prospective emitted-

Underfull \hbox (badness 10000) in paragraph at lines 44--44
[]|\OT1/cmr/m/n/7 Same-publication

Underfull \hbox (badness 10000) in paragraph at lines 44--44
[]|\OT1/cmr/m/n/7 Analysis-plan-

Underfull \hbox (badness 10000) in paragraph at lines 44--44
\OT1/cmr/m/n/7 locked ex-ter-nal

Underfull \hbox (badness 10000) in paragraph at lines 44--44
[]|\OT1/cmr/m/n/7 Previously

Underfull \hbox (badness 10000) in paragraph at lines 44--44
[]|\OT1/cmr/m/n/7 Matched-assay

Underfull \hbox (badness 10000) in paragraph at lines 44--45
[]|\OT1/cmr/m/n/7 Independent third-

Underfull \hbox (badness 6078) in paragraph at lines 44--45
\OT1/cmr/m/n/7 party repli-ca-tion or

Underfull \hbox (badness 10000) in paragraph at lines 44--45
\OT1/cmr/m/n/7 prospec-tive pre-reg-is-

Underfull \hbox (badness 10000) in paragraph at lines 45--45
[]|\OT1/cmr/m/n/7 Altered-protocol

Underfull \hbox (badness 2401) in paragraph at lines 45--45
[]|\OT1/cmr/m/n/7 Exploratory ex-ter-

Underfull \hbox (badness 10000) in paragraph at lines 45--45
[]|\OT1/cmr/m/n/7 Previously

Underfull \hbox (badness 10000) in paragraph at lines 45--45
[]|\OT1/cmr/m/n/7 Assay-transfer

Underfull \hbox (badness 10000) in paragraph at lines 45--46
[]|\OT1/cmr/m/n/7 Polymerase-universal

Underfull \hbox (badness 10000) in paragraph at lines 46--46
[]|\OT1/cmr/m/n/7 Generated exact-

Underfull \hbox (badness 10000) in paragraph at lines 46--46
[]|\OT1/cmr/m/n/7 Predicted

Underfull \hbox (badness 10000) in paragraph at lines 46--46
[]|\OT1/cmr/m/n/7 Rate--score and

Underfull \hbox (badness 10000) in paragraph at lines 46--46
\OT1/cmr/m/n/7 map-ping di-ag-nos-

Underfull \hbox (badness 10000) in paragraph at lines 47--47
[]|\OT1/cmr/m/n/7 Prospective val-i-da-

Underfull \hbox (badness 3780) in paragraph at lines 47--47
\OT1/cmr/m/n/7 of emit-ted can-di-

Underfull \hbox (badness 10000) in paragraph at lines 47--47
[]|\OT1/cmr/m/n/7 Not per-
[1{/var/lib/texmf/fonts/map/pdftex/updmap/pdftex.map}] [2]
Underfull \hbox (badness 10000) in paragraph at lines 158--158
[]|\OT1/cmr/m/n/9 Historical pay-load un-
[3] [4] [5] [6] [7] [8] [9]
Underfull \hbox (badness 1048) in paragraph at lines 554--555
\OT1/cmtt/m/n/10 paper2-choice-external-q5-sensitivity-v1|external[]Q5|sequence
[]sha256 \OT1/cmr/m/n/10 to se-lect a sep-a-rate 1,024-
[10] [11 <./figures/paired_two_stage_sensitivity.pdf>] [12] [13] [14] [15]
Underfull \hbox (badness 1199) in paragraph at lines 875--876
[]\OT1/cmr/m/n/10 The $\OT1/cmtt/m/n/10 reversible _ choice _ codec$ \OT1/cmr/m
/n/10 out-put di-rec-tory con-tains exact-language, modulo-$\OML/cmm/m/it/10 N$
 \OT1/cmr/m/n/10 generated-code,
[16]
Underfull \hbox (badness 1092) in paragraph at lines 877--878
\OT1/cmr/m/n/10 256 names-paces. Code and frozen de-rived out-puts are pub-lic 
at []$\OT1/cmtt/m/n/10 https : / / github . com / nessajzhang /
(build/supplementary_codec_evidence.bbl) [17]
(build/supplementary_codec_evidence.aux) )
(see the transcript file for additional information)</usr/share/texlive/texmf-d
ist/fonts/type1/public/amsfonts/cm/cmbx10.pfb></usr/share/texlive/texmf-dist/fo
nts/type1/public/amsfonts/cm/cmbx12.pfb></usr/share/texlive/texmf-dist/fonts/ty
pe1/public/amsfonts/cm/cmex10.pfb></usr/share/texlive/texmf-dist/fonts/type1/pu
blic/amsfonts/cm/cmmi10.pfb></usr/share/texlive/texmf-dist/fonts/type1/public/a
msfonts/cm/cmmi5.pfb></usr/share/texlive/texmf-dist/fonts/type1/public/amsfonts
/cm/cmmi7.pfb></usr/share/texlive/texmf-dist/fonts/type1/public/amsfonts/cm/cmm
i9.pfb></usr/share/texlive/texmf-dist/fonts/type1/public/amsfonts/cm/cmr10.pfb>
</usr/share/texlive/texmf-dist/fonts/type1/public/amsfonts/cm/cmr17.pfb></usr/s
hare/texlive/texmf-dist/fonts/type1/public/amsfonts/cm/cmr5.pfb></usr/share/tex
live/texmf-dist/fonts/type1/public/amsfonts/cm/cmr7.pfb></usr/share/texlive/tex
mf-dist/fonts/type1/public/amsfonts/cm/cmr9.pfb></usr/share/texlive/texmf-dist/
fonts/type1/public/amsfonts/cm/cmsy10.pfb></usr/share/texlive/texmf-dist/fonts/
type1/public/amsfonts/cm/cmsy5.pfb></usr/share/texlive/texmf-dist/fonts/type1/p
ublic/amsfonts/cm/cmsy7.pfb></usr/share/texlive/texmf-dist/fonts/type1/public/a
msfonts/cm/cmsy9.pfb></usr/share/texlive/texmf-dist/fonts/type1/public/amsfonts
/cm/cmti10.pfb></usr/share/texlive/texmf-dist/fonts/type1/public/amsfonts/cm/cm
ti9.pfb></usr/share/texlive/texmf-dist/fonts/type1/public/amsfonts/cm/cmtt10.pf
b></usr/share/texlive/texmf-dist/fonts/type1/public/amsfonts/symbols/msbm10.pfb
>
Output written on build/supplementary_codec_evidence.pdf (17 pages, 425242 byte
s).
Transcript written on build/supplementary_codec_evidence.log.
Latexmk: Getting log file 'build/supplementary_codec_evidence.log'
Latexmk: Examining 'build/supplementary_codec_evidence.fls'
Latexmk: Examining 'build/supplementary_codec_evidence.log'
Latexmk: Found input bbl file 'build/supplementary_codec_evidence.bbl'
Latexmk: Log file says output to 'build/supplementary_codec_evidence.pdf'
Latexmk: Log file says output to 'build/supplementary_codec_evidence.pdf'
Latexmk: Found bibliography file(s):
  ./references.bib
Latexmk: All targets (build/supplementary_codec_evidence.pdf) are up-to-date

Paper 2 manuscript and Supplement compilation passed.
